{"meta": {"format": 3, "version": "7.13.5", "timestamp": "2026-05-22T08:29:05.858589", "branch_coverage": false, "show_contexts": false}, "files": {"src/hybridock_pep/__init__.py": {"executed_lines": [1, 3, 5], "summary": {"covered_lines": 3, "num_statements": 3, "percent_covered": 100.0, "percent_covered_display": "100", "missing_lines": 0, "excluded_lines": 0, "percent_statements_covered": 100.0, "percent_statements_covered_display": "100"}, "missing_lines": [], "excluded_lines": [], "functions": {"": {"executed_lines": [1, 3, 5], "summary": {"covered_lines": 3, "num_statements": 3, "percent_covered": 100.0, "percent_covered_display": "100", "missing_lines": 0, "excluded_lines": 0, "percent_statements_covered": 100.0, "percent_statements_covered_display": "100"}, "missing_lines": [], "excluded_lines": [], "start_line": 1}}, "classes": {"": {"executed_lines": [1, 3, 5], "summary": {"covered_lines": 3, "num_statements": 3, "percent_covered": 100.0, "percent_covered_display": "100", "missing_lines": 0, "excluded_lines": 0, "percent_statements_covered": 100.0, "percent_statements_covered_display": "100"}, "missing_lines": [], "excluded_lines": [], "start_line": 1}}}, "src/hybridock_pep/analysis/__init__.py": {"executed_lines": [1, 3], "summary": {"covered_lines": 2, "num_statements": 2, "percent_covered": 100.0, "percent_covered_display": "100", "missing_lines": 0, "excluded_lines": 0, "percent_statements_covered": 100.0, "percent_statements_covered_display": "100"}, "missing_lines": [], "excluded_lines": [], "functions": {"": {"executed_lines": [1, 3], "summary": {"covered_lines": 2, "num_statements": 2, "percent_covered": 100.0, "percent_covered_display": "100", "missing_lines": 0, "excluded_lines": 0, "percent_statements_covered": 100.0, "percent_statements_covered_display": "100"}, "missing_lines": [], "excluded_lines": [], "start_line": 1}}, "classes": {"": {"executed_lines": [1, 3], "summary": {"covered_lines": 2, "num_statements": 2, "percent_covered": 100.0, "percent_covered_display": "100", "missing_lines": 0, "excluded_lines": 0, "percent_statements_covered": 100.0, "percent_statements_covered_display": "100"}, "missing_lines": [], "excluded_lines": [], "start_line": 1}}}, "src/hybridock_pep/analysis/clustering.py": {"executed_lines": [1, 3, 4, 5, 6, 8, 10, 12, 13, 14, 16, 22, 29, 30, 34, 35, 36, 41, 44, 45, 54, 55, 56, 59, 74, 80, 81, 82, 84, 85, 86, 87, 89, 91, 93, 98, 101, 122, 123, 124, 127, 144, 145, 147, 151, 152, 156, 157, 159, 160, 161, 164, 184, 185, 187, 188, 189, 190, 192, 193, 195, 196, 197, 198, 199, 201, 204, 222, 228, 229, 231, 235, 236, 237, 240, 241, 242, 243, 244, 249, 253, 254, 255, 258, 284, 287, 290, 291, 292, 293, 296, 297, 302, 303, 306, 309, 315, 318, 321, 322, 324, 327, 331, 336, 338, 339, 340, 342, 343, 349], "summary": {"covered_lines": 110, "num_statements": 134, "percent_covered": 82.08955223880596, "percent_covered_display": "82", "missing_lines": 24, "excluded_lines": 0, "percent_statements_covered": 82.08955223880596, "percent_statements_covered_display": "82"}, "missing_lines": [17, 18, 19, 31, 32, 37, 38, 39, 75, 88, 90, 94, 148, 149, 223, 232, 233, 245, 246, 247, 250, 251, 285, 310], "excluded_lines": [], "functions": {"_is_standard_aa": {"executed_lines": [29, 30], "summary": {"covered_lines": 2, "num_statements": 4, "percent_covered": 50.0, "percent_covered_display": "50", "missing_lines": 2, "excluded_lines": 0, "percent_statements_covered": 50.0, "percent_statements_covered_display": "50"}, "missing_lines": [31, 32], "excluded_lines": [], "start_line": 22}, "_load_receptor_ca_coords": {"executed_lines": [74, 80, 81, 82, 84, 85, 86, 87, 89, 91, 93, 98], "summary": {"covered_lines": 12, "num_statements": 16, "percent_covered": 75.0, "percent_covered_display": "75", "missing_lines": 4, "excluded_lines": 0, "percent_statements_covered": 75.0, "percent_statements_covered_display": "75"}, "missing_lines": [75, 88, 90, 94], "excluded_lines": [], "start_line": 59}, "_contact_zone_indices": {"executed_lines": [122, 123, 124], "summary": {"covered_lines": 3, "num_statements": 3, "percent_covered": 100.0, "percent_covered_display": "100", "missing_lines": 0, "excluded_lines": 0, "percent_statements_covered": 100.0, "percent_statements_covered_display": "100"}, "missing_lines": [], "excluded_lines": [], "start_line": 101}, "_kabsch_rmsd": {"executed_lines": [144, 145, 147, 151, 152, 156, 157, 159, 160, 161], "summary": {"covered_lines": 10, "num_statements": 12, "percent_covered": 83.33333333333333, "percent_covered_display": "83", "missing_lines": 2, "excluded_lines": 0, "percent_statements_covered": 83.33333333333333, "percent_statements_covered_display": "83"}, "missing_lines": [148, 149], "excluded_lines": [], "start_line": 127}, "_build_rmsd_matrix": {"executed_lines": [184, 185, 187, 188, 189, 190, 192, 193, 195, 196, 197, 198, 199, 201], "summary": {"covered_lines": 14, "num_statements": 14, "percent_covered": 100.0, "percent_covered_display": "100", "missing_lines": 0, "excluded_lines": 0, "percent_statements_covered": 100.0, "percent_statements_covered_display": "100"}, "missing_lines": [], "excluded_lines": [], "start_line": 164}, "_select_k_silhouette": {"executed_lines": [222, 228, 229, 231, 235, 236, 237, 240, 241, 242, 243, 244, 249, 253, 254, 255], "summary": {"covered_lines": 16, "num_statements": 24, "percent_covered": 66.66666666666667, "percent_covered_display": "67", "missing_lines": 8, "excluded_lines": 0, "percent_statements_covered": 66.66666666666667, "percent_statements_covered_display": "67"}, "missing_lines": [223, 232, 233, 245, 246, 247, 250, 251], "excluded_lines": [], "start_line": 204}, "cluster_poses": {"executed_lines": [284, 287, 290, 291, 292, 293, 296, 297, 302, 303, 306, 309, 315, 318, 321, 322, 324, 327, 331, 336, 338, 339, 340, 342, 343, 349], "summary": {"covered_lines": 26, "num_statements": 28, "percent_covered": 92.85714285714286, "percent_covered_display": "93", "missing_lines": 2, "excluded_lines": 0, "percent_statements_covered": 92.85714285714286, "percent_statements_covered_display": "93"}, "missing_lines": [285, 310], "excluded_lines": [], "start_line": 258}, "": {"executed_lines": [1, 3, 4, 5, 6, 8, 10, 12, 13, 14, 16, 22, 34, 35, 36, 41, 44, 45, 54, 55, 56, 59, 101, 127, 164, 204, 258], "summary": {"covered_lines": 27, "num_statements": 33, "percent_covered": 81.81818181818181, "percent_covered_display": "82", "missing_lines": 6, "excluded_lines": 0, "percent_statements_covered": 81.81818181818181, "percent_statements_covered_display": "82"}, "missing_lines": [17, 18, 19, 37, 38, 39], "excluded_lines": [], "start_line": 1}}, "classes": {"ClusterResult": {"executed_lines": [], "summary": {"covered_lines": 0, "num_statements": 0, "percent_covered": 100.0, "percent_covered_display": "100", "missing_lines": 0, "excluded_lines": 0, "percent_statements_covered": 100.0, "percent_statements_covered_display": "100"}, "missing_lines": [], "excluded_lines": [], "start_line": 45}, "": {"executed_lines": [1, 3, 4, 5, 6, 8, 10, 12, 13, 14, 16, 22, 29, 30, 34, 35, 36, 41, 44, 45, 54, 55, 56, 59, 74, 80, 81, 82, 84, 85, 86, 87, 89, 91, 93, 98, 101, 122, 123, 124, 127, 144, 145, 147, 151, 152, 156, 157, 159, 160, 161, 164, 184, 185, 187, 188, 189, 190, 192, 193, 195, 196, 197, 198, 199, 201, 204, 222, 228, 229, 231, 235, 236, 237, 240, 241, 242, 243, 244, 249, 253, 254, 255, 258, 284, 287, 290, 291, 292, 293, 296, 297, 302, 303, 306, 309, 315, 318, 321, 322, 324, 327, 331, 336, 338, 339, 340, 342, 343, 349], "summary": {"covered_lines": 110, "num_statements": 134, "percent_covered": 82.08955223880596, "percent_covered_display": "82", "missing_lines": 24, "excluded_lines": 0, "percent_statements_covered": 82.08955223880596, "percent_statements_covered_display": "82"}, "missing_lines": [17, 18, 19, 31, 32, 37, 38, 39, 75, 88, 90, 94, 148, 149, 223, 232, 233, 245, 246, 247, 250, 251, 285, 310], "excluded_lines": [], "start_line": 1}}}, "src/hybridock_pep/analysis/plotting.py": {"executed_lines": [1, 3, 4, 6, 7, 8, 9, 11, 13, 16, 38, 41, 42, 43, 44, 45, 47, 49, 50, 51, 59, 60, 61, 62, 63, 64, 65, 66, 69, 89, 92, 94, 96, 97, 98, 99, 100, 101, 115, 116, 117, 118, 119, 120, 121, 122], "summary": {"covered_lines": 46, "num_statements": 50, "percent_covered": 92.0, "percent_covered_display": "92", "missing_lines": 4, "excluded_lines": 0, "percent_statements_covered": 92.0, "percent_statements_covered_display": "92"}, "missing_lines": [39, 90, 104, 105], "excluded_lines": [], "functions": {"plot_convergence": {"executed_lines": [38, 41, 42, 43, 44, 45, 47, 49, 50, 51, 59, 60, 61, 62, 63, 64, 65, 66], "summary": {"covered_lines": 18, "num_statements": 19, "percent_covered": 94.73684210526316, "percent_covered_display": "95", "missing_lines": 1, "excluded_lines": 0, "percent_statements_covered": 94.73684210526316, "percent_statements_covered_display": "95"}, "missing_lines": [39], "excluded_lines": [], "start_line": 16}, "plot_silhouette": {"executed_lines": [89, 92, 94, 96, 97, 98, 99, 100, 101, 115, 116, 117, 118, 119, 120, 121, 122], "summary": {"covered_lines": 17, "num_statements": 20, "percent_covered": 85.0, "percent_covered_display": "85", "missing_lines": 3, "excluded_lines": 0, "percent_statements_covered": 85.0, "percent_statements_covered_display": "85"}, "missing_lines": [90, 104, 105], "excluded_lines": [], "start_line": 69}, "": {"executed_lines": [1, 3, 4, 6, 7, 8, 9, 11, 13, 16, 69], "summary": {"covered_lines": 11, "num_statements": 11, "percent_covered": 100.0, "percent_covered_display": "100", "missing_lines": 0, "excluded_lines": 0, "percent_statements_covered": 100.0, "percent_statements_covered_display": "100"}, "missing_lines": [], "excluded_lines": [], "start_line": 1}}, "classes": {"": {"executed_lines": [1, 3, 4, 6, 7, 8, 9, 11, 13, 16, 38, 41, 42, 43, 44, 45, 47, 49, 50, 51, 59, 60, 61, 62, 63, 64, 65, 66, 69, 89, 92, 94, 96, 97, 98, 99, 100, 101, 115, 116, 117, 118, 119, 120, 121, 122], "summary": {"covered_lines": 46, "num_statements": 50, "percent_covered": 92.0, "percent_covered_display": "92", "missing_lines": 4, "excluded_lines": 0, "percent_statements_covered": 92.0, "percent_statements_covered_display": "92"}, "missing_lines": [39, 90, 104, 105], "excluded_lines": [], "start_line": 1}}}, "src/hybridock_pep/analysis/statistics.py": {"executed_lines": [1, 3, 12, 13, 14, 15, 17, 19, 21, 22, 26, 29, 45, 46, 48, 49, 51, 52, 53, 55, 61, 62, 65, 90, 91, 92, 93, 96, 98, 99, 100, 101, 103, 104, 105, 106, 107, 108, 109, 116, 120, 132, 133, 136, 152, 155, 165, 167, 168, 169, 170, 172], "summary": {"covered_lines": 52, "num_statements": 64, "percent_covered": 81.25, "percent_covered_display": "81", "missing_lines": 12, "excluded_lines": 0, "percent_statements_covered": 81.25, "percent_statements_covered_display": "81"}, "missing_lines": [23, 24, 47, 56, 59, 94, 95, 111, 112, 113, 114, 153], "excluded_lines": [], "functions": {"_ci95": {"executed_lines": [45, 46, 48, 49, 51, 52, 53, 55, 61, 62], "summary": {"covered_lines": 10, "num_statements": 13, "percent_covered": 76.92307692307692, "percent_covered_display": "77", "missing_lines": 3, "excluded_lines": 0, "percent_statements_covered": 76.92307692307692, "percent_statements_covered_display": "77"}, "missing_lines": [47, 56, 59], "excluded_lines": [], "start_line": 29}, "compute_cluster_stats": {"executed_lines": [90, 91, 92, 93, 96, 98, 99, 100, 101, 103, 104, 105, 106, 107, 108, 109, 116, 120, 132, 133], "summary": {"covered_lines": 20, "num_statements": 26, "percent_covered": 76.92307692307692, "percent_covered_display": "77", "missing_lines": 6, "excluded_lines": 0, "percent_statements_covered": 76.92307692307692, "percent_statements_covered_display": "77"}, "missing_lines": [94, 95, 111, 112, 113, 114], "excluded_lines": [], "start_line": 65}, "write_cluster_summary_csv": {"executed_lines": [152, 155, 165, 167, 168, 169, 170, 172], "summary": {"covered_lines": 8, "num_statements": 9, "percent_covered": 88.88888888888889, "percent_covered_display": "89", "missing_lines": 1, "excluded_lines": 0, "percent_statements_covered": 88.88888888888889, "percent_statements_covered_display": "89"}, "missing_lines": [153], "excluded_lines": [], "start_line": 136}, "": {"executed_lines": [1, 3, 12, 13, 14, 15, 17, 19, 21, 22, 26, 29, 65, 136], "summary": {"covered_lines": 14, "num_statements": 16, "percent_covered": 87.5, "percent_covered_display": "88", "missing_lines": 2, "excluded_lines": 0, "percent_statements_covered": 87.5, "percent_statements_covered_display": "88"}, "missing_lines": [23, 24], "excluded_lines": [], "start_line": 1}}, "classes": {"": {"executed_lines": [1, 3, 12, 13, 14, 15, 17, 19, 21, 22, 26, 29, 45, 46, 48, 49, 51, 52, 53, 55, 61, 62, 65, 90, 91, 92, 93, 96, 98, 99, 100, 101, 103, 104, 105, 106, 107, 108, 109, 116, 120, 132, 133, 136, 152, 155, 165, 167, 168, 169, 170, 172], "summary": {"covered_lines": 52, "num_statements": 64, "percent_covered": 81.25, "percent_covered_display": "81", "missing_lines": 12, "excluded_lines": 0, "percent_statements_covered": 81.25, "percent_statements_covered_display": "81"}, "missing_lines": [23, 24, 47, 56, 59, 94, 95, 111, 112, 113, 114, 153], "excluded_lines": [], "start_line": 1}}}, "src/hybridock_pep/cli.py": {"executed_lines": [1, 3, 4, 5, 6, 8, 10, 13, 19, 23, 30, 31, 34, 35, 41, 47, 55, 62, 69, 75, 82, 88, 95, 101, 107, 119, 120, 126, 132, 140, 141, 147, 155, 159, 165, 171, 177, 184, 191, 199, 207, 214, 217, 224, 227, 228, 229, 234, 237, 238, 250, 251, 274, 298, 324, 356, 363, 364, 366, 369, 370, 372, 378, 381], "summary": {"covered_lines": 64, "num_statements": 100, "percent_covered": 64.0, "percent_covered_display": "64", "missing_lines": 36, "excluded_lines": 0, "percent_statements_covered": 64.0, "percent_statements_covered_display": "64"}, "missing_lines": [252, 254, 257, 259, 260, 265, 266, 271, 281, 282, 284, 285, 286, 287, 289, 295, 305, 306, 308, 309, 316, 317, 318, 320, 321, 335, 336, 338, 339, 340, 341, 343, 353, 367, 379, 380], "excluded_lines": [], "functions": {"_build_parser": {"executed_lines": [19, 23, 30, 31, 34, 35, 41, 47, 55, 62, 69, 75, 82, 88, 95, 101, 107, 119, 120, 126, 132, 140, 141, 147, 155, 159, 165, 171, 177, 184, 191, 199, 207, 214], "summary": {"covered_lines": 34, "num_statements": 34, "percent_covered": 100.0, "percent_covered_display": "100", "missing_lines": 0, "excluded_lines": 0, "percent_statements_covered": 100.0, "percent_statements_covered_display": "100"}, "missing_lines": [], "excluded_lines": [], "start_line": 13}, "_run_dock": {"executed_lines": [224, 227, 228, 229, 234, 237, 238, 250, 251], "summary": {"covered_lines": 9, "num_statements": 17, "percent_covered": 52.94117647058823, "percent_covered_display": "53", "missing_lines": 8, "excluded_lines": 0, "percent_statements_covered": 52.94117647058823, "percent_statements_covered_display": "53"}, "missing_lines": [252, 254, 257, 259, 260, 265, 266, 271], "excluded_lines": [], "start_line": 217}, "_run_calibrate": {"executed_lines": [], "summary": {"covered_lines": 0, "num_statements": 8, "percent_covered": 0.0, "percent_covered_display": "0", "missing_lines": 8, "excluded_lines": 0, "percent_statements_covered": 0.0, "percent_statements_covered_display": "0"}, "missing_lines": [281, 282, 284, 285, 286, 287, 289, 295], "excluded_lines": [], "start_line": 274}, "_run_prep": {"executed_lines": [], "summary": {"covered_lines": 0, "num_statements": 9, "percent_covered": 0.0, "percent_covered_display": "0", "missing_lines": 9, "excluded_lines": 0, "percent_statements_covered": 0.0, "percent_statements_covered_display": "0"}, "missing_lines": [305, 306, 308, 309, 316, 317, 318, 320, 321], "excluded_lines": [], "start_line": 298}, "_run_benchmark": {"executed_lines": [], "summary": {"covered_lines": 0, "num_statements": 8, "percent_covered": 0.0, "percent_covered_display": "0", "missing_lines": 8, "excluded_lines": 0, "percent_statements_covered": 0.0, "percent_statements_covered_display": "0"}, "missing_lines": [335, 336, 338, 339, 340, 341, 343, 353], "excluded_lines": [], "start_line": 324}, "main": {"executed_lines": [363, 364, 366, 369, 370, 372, 378, 381], "summary": {"covered_lines": 8, "num_statements": 11, "percent_covered": 72.72727272727273, "percent_covered_display": "73", "missing_lines": 3, "excluded_lines": 0, "percent_statements_covered": 72.72727272727273, "percent_statements_covered_display": "73"}, "missing_lines": [367, 379, 380], "excluded_lines": [], "start_line": 356}, "": {"executed_lines": [1, 3, 4, 5, 6, 8, 10, 13, 217, 274, 298, 324, 356], "summary": {"covered_lines": 13, "num_statements": 13, "percent_covered": 100.0, "percent_covered_display": "100", "missing_lines": 0, "excluded_lines": 0, "percent_statements_covered": 100.0, "percent_statements_covered_display": "100"}, "missing_lines": [], "excluded_lines": [], "start_line": 1}}, "classes": {"": {"executed_lines": [1, 3, 4, 5, 6, 8, 10, 13, 19, 23, 30, 31, 34, 35, 41, 47, 55, 62, 69, 75, 82, 88, 95, 101, 107, 119, 120, 126, 132, 140, 141, 147, 155, 159, 165, 171, 177, 184, 191, 199, 207, 214, 217, 224, 227, 228, 229, 234, 237, 238, 250, 251, 274, 298, 324, 356, 363, 364, 366, 369, 370, 372, 378, 381], "summary": {"covered_lines": 64, "num_statements": 100, "percent_covered": 64.0, "percent_covered_display": "64", "missing_lines": 36, "excluded_lines": 0, "percent_statements_covered": 64.0, "percent_statements_covered_display": "64"}, "missing_lines": [252, 254, 257, 259, 260, 265, 266, 271, 281, 282, 284, 285, 286, 287, 289, 295, 305, 306, 308, 309, 316, 317, 318, 320, 321, 335, 336, 338, 339, 340, 341, 343, 353, 367, 379, 380], "excluded_lines": [], "start_line": 1}}}, "src/hybridock_pep/driver.py": {"executed_lines": [1, 3, 4, 5, 7, 8, 9, 10, 11, 12, 13, 14, 15, 16, 24, 26, 29, 62, 63, 64, 67, 68, 69, 71, 78, 79, 80, 82, 83, 90, 95, 96, 98, 99, 100, 101, 102, 103, 110, 111, 112, 113, 114, 115, 116, 117, 120, 121, 125, 126, 127, 128, 129, 131, 134, 135, 136, 137, 138, 141, 142, 149, 150, 151, 152, 153, 154, 156, 167, 168, 175, 178, 179, 180, 185, 190, 191, 192, 195, 198, 199, 203, 210, 211, 212, 213, 214, 215, 222, 223, 236, 237, 245, 249, 251, 254, 263, 266, 269, 270, 271, 274], "summary": {"covered_lines": 102, "num_statements": 112, "percent_covered": 91.07142857142857, "percent_covered_display": "91", "missing_lines": 10, "excluded_lines": 0, "percent_statements_covered": 91.07142857142857, "percent_statements_covered_display": "91"}, "missing_lines": [84, 155, 176, 186, 224, 231, 255, 256, 257, 272], "excluded_lines": [], "functions": {"run_dock": {"executed_lines": [62, 63, 64, 67, 68, 69, 71, 78, 79, 80, 82, 83, 90, 95, 96, 98, 99, 100, 101, 102, 103, 110, 111, 112, 113, 114, 115, 116, 117, 120, 121, 125, 126, 127, 128, 129, 131, 134, 135, 136, 137, 138, 141, 142, 149, 150, 151, 152, 153, 154, 156, 167, 168, 175, 178, 179, 180, 185, 190, 191, 192, 195, 198, 199, 203, 210, 211, 212, 213, 214, 215, 222, 223, 236, 237, 245, 249, 251, 254, 263, 266, 269, 270, 271, 274], "summary": {"covered_lines": 85, "num_statements": 95, "percent_covered": 89.47368421052632, "percent_covered_display": "89", "missing_lines": 10, "excluded_lines": 0, "percent_statements_covered": 89.47368421052632, "percent_statements_covered_display": "89"}, "missing_lines": [84, 155, 176, 186, 224, 231, 255, 256, 257, 272], "excluded_lines": [], "start_line": 29}, "": {"executed_lines": [1, 3, 4, 5, 7, 8, 9, 10, 11, 12, 13, 14, 15, 16, 24, 26, 29], "summary": {"covered_lines": 17, "num_statements": 17, "percent_covered": 100.0, "percent_covered_display": "100", "missing_lines": 0, "excluded_lines": 0, "percent_statements_covered": 100.0, "percent_statements_covered_display": "100"}, "missing_lines": [], "excluded_lines": [], "start_line": 1}}, "classes": {"": {"executed_lines": [1, 3, 4, 5, 7, 8, 9, 10, 11, 12, 13, 14, 15, 16, 24, 26, 29, 62, 63, 64, 67, 68, 69, 71, 78, 79, 80, 82, 83, 90, 95, 96, 98, 99, 100, 101, 102, 103, 110, 111, 112, 113, 114, 115, 116, 117, 120, 121, 125, 126, 127, 128, 129, 131, 134, 135, 136, 137, 138, 141, 142, 149, 150, 151, 152, 153, 154, 156, 167, 168, 175, 178, 179, 180, 185, 190, 191, 192, 195, 198, 199, 203, 210, 211, 212, 213, 214, 215, 222, 223, 236, 237, 245, 249, 251, 254, 263, 266, 269, 270, 271, 274], "summary": {"covered_lines": 102, "num_statements": 112, "percent_covered": 91.07142857142857, "percent_covered_display": "91", "missing_lines": 10, "excluded_lines": 0, "percent_statements_covered": 91.07142857142857, "percent_statements_covered_display": "91"}, "missing_lines": [84, 155, 176, 186, 224, 231, 255, 256, 257, 272], "excluded_lines": [], "start_line": 1}}}, "src/hybridock_pep/models.py": {"executed_lines": [1, 3, 4, 5, 6, 7, 9, 10, 13, 16, 39, 41, 42, 43, 44, 45, 46, 47, 48, 49, 50, 51, 53, 54, 55, 56, 57, 58, 59, 60, 61, 62, 64, 65, 66, 67, 68, 69, 71, 72, 73, 74, 75, 76, 78, 79, 80, 81, 82, 83, 85, 86, 87, 88, 89, 90, 91, 92, 95, 96, 107, 108, 109, 110, 113, 114, 133, 134, 135, 136, 137, 138, 139, 140, 141, 142, 145, 146, 156, 157, 158], "summary": {"covered_lines": 81, "num_statements": 81, "percent_covered": 100.0, "percent_covered_display": "100", "missing_lines": 0, "excluded_lines": 0, "percent_statements_covered": 100.0, "percent_statements_covered_display": "100"}, "missing_lines": [], "excluded_lines": [], "functions": {"DockConfig._validate_peptide": {"executed_lines": [56, 57, 58, 59, 60, 61, 62], "summary": {"covered_lines": 7, "num_statements": 7, "percent_covered": 100.0, "percent_covered_display": "100", "missing_lines": 0, "excluded_lines": 0, "percent_statements_covered": 100.0, "percent_statements_covered_display": "100"}, "missing_lines": [], "excluded_lines": [], "start_line": 55}, "DockConfig._receptor_exists": {"executed_lines": [67, 68, 69], "summary": {"covered_lines": 3, "num_statements": 3, "percent_covered": 100.0, "percent_covered_display": "100", "missing_lines": 0, "excluded_lines": 0, "percent_statements_covered": 100.0, "percent_statements_covered_display": "100"}, "missing_lines": [], "excluded_lines": [], "start_line": 66}, "DockConfig._box_positive": {"executed_lines": [74, 75, 76], "summary": {"covered_lines": 3, "num_statements": 3, "percent_covered": 100.0, "percent_covered_display": "100", "missing_lines": 0, "excluded_lines": 0, "percent_statements_covered": 100.0, "percent_statements_covered_display": "100"}, "missing_lines": [], "excluded_lines": [], "start_line": 73}, "DockConfig._nsamples_positive": {"executed_lines": [81, 82, 83], "summary": {"covered_lines": 3, "num_statements": 3, "percent_covered": 100.0, "percent_covered_display": "100", "missing_lines": 0, "excluded_lines": 0, "percent_statements_covered": 100.0, "percent_statements_covered_display": "100"}, "missing_lines": [], "excluded_lines": [], "start_line": 80}, "DockConfig._generate_run_id": {"executed_lines": [88, 89, 90, 91, 92], "summary": {"covered_lines": 5, "num_statements": 5, "percent_covered": 100.0, "percent_covered_display": "100", "missing_lines": 0, "excluded_lines": 0, "percent_statements_covered": 100.0, "percent_statements_covered_display": "100"}, "missing_lines": [], "excluded_lines": [], "start_line": 87}, "": {"executed_lines": [1, 3, 4, 5, 6, 7, 9, 10, 13, 16, 39, 41, 42, 43, 44, 45, 46, 47, 48, 49, 50, 51, 53, 54, 55, 64, 65, 66, 71, 72, 73, 78, 79, 80, 85, 86, 87, 95, 96, 107, 108, 109, 110, 113, 114, 133, 134, 135, 136, 137, 138, 139, 140, 141, 142, 145, 146, 156, 157, 158], "summary": {"covered_lines": 60, "num_statements": 60, "percent_covered": 100.0, "percent_covered_display": "100", "missing_lines": 0, "excluded_lines": 0, "percent_statements_covered": 100.0, "percent_statements_covered_display": "100"}, "missing_lines": [], "excluded_lines": [], "start_line": 1}}, "classes": {"DockConfig": {"executed_lines": [56, 57, 58, 59, 60, 61, 62, 67, 68, 69, 74, 75, 76, 81, 82, 83, 88, 89, 90, 91, 92], "summary": {"covered_lines": 21, "num_statements": 21, "percent_covered": 100.0, "percent_covered_display": "100", "missing_lines": 0, "excluded_lines": 0, "percent_statements_covered": 100.0, "percent_statements_covered_display": "100"}, "missing_lines": [], "excluded_lines": [], "start_line": 16}, "PoseRecord": {"executed_lines": [], "summary": {"covered_lines": 0, "num_statements": 0, "percent_covered": 100.0, "percent_covered_display": "100", "missing_lines": 0, "excluded_lines": 0, "percent_statements_covered": 100.0, "percent_statements_covered_display": "100"}, "missing_lines": [], "excluded_lines": [], "start_line": 96}, "ScoredPose": {"executed_lines": [], "summary": {"covered_lines": 0, "num_statements": 0, "percent_covered": 100.0, "percent_covered_display": "100", "missing_lines": 0, "excluded_lines": 0, "percent_statements_covered": 100.0, "percent_statements_covered_display": "100"}, "missing_lines": [], "excluded_lines": [], "start_line": 114}, "PoseFailure": {"executed_lines": [], "summary": {"covered_lines": 0, "num_statements": 0, "percent_covered": 100.0, "percent_covered_display": "100", "missing_lines": 0, "excluded_lines": 0, "percent_statements_covered": 100.0, "percent_statements_covered_display": "100"}, "missing_lines": [], "excluded_lines": [], "start_line": 146}, "": {"executed_lines": [1, 3, 4, 5, 6, 7, 9, 10, 13, 16, 39, 41, 42, 43, 44, 45, 46, 47, 48, 49, 50, 51, 53, 54, 55, 64, 65, 66, 71, 72, 73, 78, 79, 80, 85, 86, 87, 95, 96, 107, 108, 109, 110, 113, 114, 133, 134, 135, 136, 137, 138, 139, 140, 141, 142, 145, 146, 156, 157, 158], "summary": {"covered_lines": 60, "num_statements": 60, "percent_covered": 100.0, "percent_covered_display": "100", "missing_lines": 0, "excluded_lines": 0, "percent_statements_covered": 100.0, "percent_statements_covered_display": "100"}, "missing_lines": [], "excluded_lines": [], "start_line": 1}}}, "src/hybridock_pep/output/__init__.py": {"executed_lines": [1, 5, 11], "summary": {"covered_lines": 3, "num_statements": 3, "percent_covered": 100.0, "percent_covered_display": "100", "missing_lines": 0, "excluded_lines": 0, "percent_statements_covered": 100.0, "percent_statements_covered_display": "100"}, "missing_lines": [], "excluded_lines": [], "functions": {"": {"executed_lines": [1, 5, 11], "summary": {"covered_lines": 3, "num_statements": 3, "percent_covered": 100.0, "percent_covered_display": "100", "missing_lines": 0, "excluded_lines": 0, "percent_statements_covered": 100.0, "percent_statements_covered_display": "100"}, "missing_lines": [], "excluded_lines": [], "start_line": 1}}, "classes": {"": {"executed_lines": [1, 5, 11], "summary": {"covered_lines": 3, "num_statements": 3, "percent_covered": 100.0, "percent_covered_display": "100", "missing_lines": 0, "excluded_lines": 0, "percent_statements_covered": 100.0, "percent_statements_covered_display": "100"}, "missing_lines": [], "excluded_lines": [], "start_line": 1}}}, "src/hybridock_pep/output/csv_writer.py": {"executed_lines": [2, 4, 5, 6, 7, 8, 9, 11, 12, 14, 16, 32, 40, 41, 42, 43, 44, 45, 46, 49, 63, 67, 69, 70, 71, 72, 95, 96, 97, 98, 101, 124, 127, 131, 133, 134, 139, 140, 142, 145, 146, 147, 153], "summary": {"covered_lines": 43, "num_statements": 46, "percent_covered": 93.47826086956522, "percent_covered_display": "93", "missing_lines": 3, "excluded_lines": 0, "percent_statements_covered": 93.47826086956522, "percent_statements_covered_display": "93"}, "missing_lines": [125, 135, 143], "excluded_lines": [], "functions": {"_write_csv_atomic": {"executed_lines": [40, 41, 42, 43, 44, 45, 46], "summary": {"covered_lines": 7, "num_statements": 7, "percent_covered": 100.0, "percent_covered_display": "100", "missing_lines": 0, "excluded_lines": 0, "percent_statements_covered": 100.0, "percent_statements_covered_display": "100"}, "missing_lines": [], "excluded_lines": [], "start_line": 32}, "write_ranked_csv": {"executed_lines": [63, 67, 69, 70, 71, 72, 95, 96, 97, 98], "summary": {"covered_lines": 10, "num_statements": 10, "percent_covered": 100.0, "percent_covered_display": "100", "missing_lines": 0, "excluded_lines": 0, "percent_statements_covered": 100.0, "percent_statements_covered_display": "100"}, "missing_lines": [], "excluded_lines": [], "start_line": 49}, "write_best_pose_pdb": {"executed_lines": [124, 127, 131, 133, 134, 139, 140, 142, 145, 146, 147, 153], "summary": {"covered_lines": 12, "num_statements": 15, "percent_covered": 80.0, "percent_covered_display": "80", "missing_lines": 3, "excluded_lines": 0, "percent_statements_covered": 80.0, "percent_statements_covered_display": "80"}, "missing_lines": [125, 135, 143], "excluded_lines": [], "start_line": 101}, "": {"executed_lines": [2, 4, 5, 6, 7, 8, 9, 11, 12, 14, 16, 32, 49, 101], "summary": {"covered_lines": 14, "num_statements": 14, "percent_covered": 100.0, "percent_covered_display": "100", "missing_lines": 0, "excluded_lines": 0, "percent_statements_covered": 100.0, "percent_statements_covered_display": "100"}, "missing_lines": [], "excluded_lines": [], "start_line": 1}}, "classes": {"": {"executed_lines": [2, 4, 5, 6, 7, 8, 9, 11, 12, 14, 16, 32, 40, 41, 42, 43, 44, 45, 46, 49, 63, 67, 69, 70, 71, 72, 95, 96, 97, 98, 101, 124, 127, 131, 133, 134, 139, 140, 142, 145, 146, 147, 153], "summary": {"covered_lines": 43, "num_statements": 46, "percent_covered": 93.47826086956522, "percent_covered_display": "93", "missing_lines": 3, "excluded_lines": 0, "percent_statements_covered": 93.47826086956522, "percent_statements_covered_display": "93"}, "missing_lines": [125, 135, 143], "excluded_lines": [], "start_line": 1}}}, "src/hybridock_pep/output/metadata.py": {"executed_lines": [15, 17, 18, 19, 20, 21, 22, 23, 24, 25, 27, 29, 32, 44, 60, 61, 64, 82, 83, 84, 90, 91, 92, 93, 96, 97, 105, 115, 116, 117, 118, 119, 120, 121, 122, 128, 130, 131, 132, 133, 136, 138, 139, 140, 143, 155, 163, 165, 166, 172, 173, 174, 177], "summary": {"covered_lines": 53, "num_statements": 76, "percent_covered": 69.73684210526316, "percent_covered_display": "70", "missing_lines": 23, "excluded_lines": 0, "percent_statements_covered": 69.73684210526316, "percent_statements_covered_display": "70"}, "missing_lines": [85, 86, 88, 94, 123, 124, 125, 145, 146, 150, 151, 152, 157, 158, 159, 160, 170, 171, 179, 180, 181, 182, 183], "excluded_lines": [], "functions": {"write_metadata_skeleton": {"executed_lines": [44, 60, 61], "summary": {"covered_lines": 3, "num_statements": 3, "percent_covered": 100.0, "percent_covered_display": "100", "missing_lines": 0, "excluded_lines": 0, "percent_statements_covered": 100.0, "percent_statements_covered_display": "100"}, "missing_lines": [], "excluded_lines": [], "start_line": 32}, "finalize_metadata": {"executed_lines": [82, 83, 84, 90, 91, 92, 93, 96, 97], "summary": {"covered_lines": 9, "num_statements": 13, "percent_covered": 69.23076923076923, "percent_covered_display": "69", "missing_lines": 4, "excluded_lines": 0, "percent_statements_covered": 69.23076923076923, "percent_statements_covered_display": "69"}, "missing_lines": [85, 86, 88, 94], "excluded_lines": [], "start_line": 64}, "get_rapidock_commit_sha": {"executed_lines": [115, 116, 117, 118, 119, 120, 121, 122], "summary": {"covered_lines": 8, "num_statements": 11, "percent_covered": 72.72727272727273, "percent_covered_display": "73", "missing_lines": 3, "excluded_lines": 0, "percent_statements_covered": 72.72727272727273, "percent_statements_covered_display": "73"}, "missing_lines": [123, 124, 125], "excluded_lines": [], "start_line": 105}, "_write_json_atomic": {"executed_lines": [130, 131, 132, 133], "summary": {"covered_lines": 4, "num_statements": 4, "percent_covered": 100.0, "percent_covered_display": "100", "missing_lines": 0, "excluded_lines": 0, "percent_statements_covered": 100.0, "percent_statements_covered_display": "100"}, "missing_lines": [], "excluded_lines": [], "start_line": 128}, "_sha256_file": {"executed_lines": [138, 139, 140], "summary": {"covered_lines": 3, "num_statements": 3, "percent_covered": 100.0, "percent_covered_display": "100", "missing_lines": 0, "excluded_lines": 0, "percent_statements_covered": 100.0, "percent_statements_covered_display": "100"}, "missing_lines": [], "excluded_lines": [], "start_line": 136}, "_get_git_sha": {"executed_lines": [], "summary": {"covered_lines": 0, "num_statements": 5, "percent_covered": 0.0, "percent_covered_display": "0", "missing_lines": 5, "excluded_lines": 0, "percent_statements_covered": 0.0, "percent_statements_covered_display": "0"}, "missing_lines": [145, 146, 150, 151, 152], "excluded_lines": [], "start_line": 143}, "_get_vina_version": {"executed_lines": [], "summary": {"covered_lines": 0, "num_statements": 4, "percent_covered": 0.0, "percent_covered_display": "0", "missing_lines": 4, "excluded_lines": 0, "percent_statements_covered": 0.0, "percent_statements_covered_display": "0"}, "missing_lines": [157, 158, 159, 160], "excluded_lines": [], "start_line": 155}, "_detect_cuda_driver_version": {"executed_lines": [165, 166, 172, 173, 174], "summary": {"covered_lines": 5, "num_statements": 7, "percent_covered": 71.42857142857143, "percent_covered_display": "71", "missing_lines": 2, "excluded_lines": 0, "percent_statements_covered": 71.42857142857143, "percent_statements_covered_display": "71"}, "missing_lines": [170, 171], "excluded_lines": [], "start_line": 163}, "_get_openmm_version": {"executed_lines": [], "summary": {"covered_lines": 0, "num_statements": 5, "percent_covered": 0.0, "percent_covered_display": "0", "missing_lines": 5, "excluded_lines": 0, "percent_statements_covered": 0.0, "percent_statements_covered_display": "0"}, "missing_lines": [179, 180, 181, 182, 183], "excluded_lines": [], "start_line": 177}, "": {"executed_lines": [15, 17, 18, 19, 20, 21, 22, 23, 24, 25, 27, 29, 32, 64, 105, 128, 136, 143, 155, 163, 177], "summary": {"covered_lines": 21, "num_statements": 21, "percent_covered": 100.0, "percent_covered_display": "100", "missing_lines": 0, "excluded_lines": 0, "percent_statements_covered": 100.0, "percent_statements_covered_display": "100"}, "missing_lines": [], "excluded_lines": [], "start_line": 1}}, "classes": {"": {"executed_lines": [15, 17, 18, 19, 20, 21, 22, 23, 24, 25, 27, 29, 32, 44, 60, 61, 64, 82, 83, 84, 90, 91, 92, 93, 96, 97, 105, 115, 116, 117, 118, 119, 120, 121, 122, 128, 130, 131, 132, 133, 136, 138, 139, 140, 143, 155, 163, 165, 166, 172, 173, 174, 177], "summary": {"covered_lines": 53, "num_statements": 76, "percent_covered": 69.73684210526316, "percent_covered_display": "70", "missing_lines": 23, "excluded_lines": 0, "percent_statements_covered": 69.73684210526316, "percent_statements_covered_display": "70"}, "missing_lines": [85, 86, 88, 94, 123, 124, 125, 145, 146, 150, 151, 152, 157, 158, 159, 160, 170, 171, 179, 180, 181, 182, 183], "excluded_lines": [], "start_line": 1}}}, "src/hybridock_pep/prep/__init__.py": {"executed_lines": [1, 3, 5], "summary": {"covered_lines": 3, "num_statements": 3, "percent_covered": 100.0, "percent_covered_display": "100", "missing_lines": 0, "excluded_lines": 0, "percent_statements_covered": 100.0, "percent_statements_covered_display": "100"}, "missing_lines": [], "excluded_lines": [], "functions": {"": {"executed_lines": [1, 3, 5], "summary": {"covered_lines": 3, "num_statements": 3, "percent_covered": 100.0, "percent_covered_display": "100", "missing_lines": 0, "excluded_lines": 0, "percent_statements_covered": 100.0, "percent_statements_covered_display": "100"}, "missing_lines": [], "excluded_lines": [], "start_line": 1}}, "classes": {"": {"executed_lines": [1, 3, 5], "summary": {"covered_lines": 3, "num_statements": 3, "percent_covered": 100.0, "percent_covered_display": "100", "missing_lines": 0, "excluded_lines": 0, "percent_statements_covered": 100.0, "percent_statements_covered_display": "100"}, "missing_lines": [], "excluded_lines": [], "start_line": 1}}}, "src/hybridock_pep/prep/errors.py": {"executed_lines": [1, 4], "summary": {"covered_lines": 2, "num_statements": 2, "percent_covered": 100.0, "percent_covered_display": "100", "missing_lines": 0, "excluded_lines": 0, "percent_statements_covered": 100.0, "percent_statements_covered_display": "100"}, "missing_lines": [], "excluded_lines": [], "functions": {"": {"executed_lines": [1, 4], "summary": {"covered_lines": 2, "num_statements": 2, "percent_covered": 100.0, "percent_covered_display": "100", "missing_lines": 0, "excluded_lines": 0, "percent_statements_covered": 100.0, "percent_statements_covered_display": "100"}, "missing_lines": [], "excluded_lines": [], "start_line": 1}}, "classes": {"PrepError": {"executed_lines": [], "summary": {"covered_lines": 0, "num_statements": 0, "percent_covered": 100.0, "percent_covered_display": "100", "missing_lines": 0, "excluded_lines": 0, "percent_statements_covered": 100.0, "percent_statements_covered_display": "100"}, "missing_lines": [], "excluded_lines": [], "start_line": 4}, "": {"executed_lines": [1, 4], "summary": {"covered_lines": 2, "num_statements": 2, "percent_covered": 100.0, "percent_covered_display": "100", "missing_lines": 0, "excluded_lines": 0, "percent_statements_covered": 100.0, "percent_statements_covered_display": "100"}, "missing_lines": [], "excluded_lines": [], "start_line": 1}}}, "src/hybridock_pep/prep/grids.py": {"executed_lines": [1, 3, 4, 5, 6, 8, 9, 11, 14, 21, 22, 25, 38, 39, 40, 42, 43, 44, 45, 46, 49, 63, 64, 71, 72, 73, 78, 81, 103, 104, 108, 109, 111, 112, 113, 114, 116, 117, 119, 127, 128, 133, 134, 135, 140, 141, 144, 167, 168, 170, 171, 172, 179, 181, 195], "summary": {"covered_lines": 55, "num_statements": 60, "percent_covered": 91.66666666666667, "percent_covered_display": "92", "missing_lines": 5, "excluded_lines": 0, "percent_statements_covered": 91.66666666666667, "percent_statements_covered_display": "92"}, "missing_lines": [41, 65, 74, 174, 177], "excluded_lines": [], "functions": {"_get_pdbqt_atom_types": {"executed_lines": [38, 39, 40, 42, 43, 44, 45, 46], "summary": {"covered_lines": 8, "num_statements": 9, "percent_covered": 88.88888888888889, "percent_covered_display": "89", "missing_lines": 1, "excluded_lines": 0, "percent_statements_covered": 88.88888888888889, "percent_statements_covered_display": "89"}, "missing_lines": [41], "excluded_lines": [], "start_line": 25}, "_find_ad4_parameters_dat": {"executed_lines": [63, 64, 71, 72, 73, 78], "summary": {"covered_lines": 6, "num_statements": 8, "percent_covered": 75.0, "percent_covered_display": "75", "missing_lines": 2, "excluded_lines": 0, "percent_statements_covered": 75.0, "percent_statements_covered_display": "75"}, "missing_lines": [65, 74], "excluded_lines": [], "start_line": 49}, "generate_ad4_maps": {"executed_lines": [103, 104, 108, 109, 111, 112, 113, 114, 116, 117, 119, 127, 128, 133, 134, 135, 140, 141], "summary": {"covered_lines": 18, "num_statements": 18, "percent_covered": 100.0, "percent_covered_display": "100", "missing_lines": 0, "excluded_lines": 0, "percent_statements_covered": 100.0, "percent_statements_covered_display": "100"}, "missing_lines": [], "excluded_lines": [], "start_line": 81}, "_build_gpf": {"executed_lines": [167, 168, 170, 171, 172, 179, 181, 195], "summary": {"covered_lines": 8, "num_statements": 10, "percent_covered": 80.0, "percent_covered_display": "80", "missing_lines": 2, "excluded_lines": 0, "percent_statements_covered": 80.0, "percent_statements_covered_display": "80"}, "missing_lines": [174, 177], "excluded_lines": [], "start_line": 144}, "": {"executed_lines": [1, 3, 4, 5, 6, 8, 9, 11, 14, 21, 22, 25, 49, 81, 144], "summary": {"covered_lines": 15, "num_statements": 15, "percent_covered": 100.0, "percent_covered_display": "100", "missing_lines": 0, "excluded_lines": 0, "percent_statements_covered": 100.0, "percent_statements_covered_display": "100"}, "missing_lines": [], "excluded_lines": [], "start_line": 1}}, "classes": {"": {"executed_lines": [1, 3, 4, 5, 6, 8, 9, 11, 14, 21, 22, 25, 38, 39, 40, 42, 43, 44, 45, 46, 49, 63, 64, 71, 72, 73, 78, 81, 103, 104, 108, 109, 111, 112, 113, 114, 116, 117, 119, 127, 128, 133, 134, 135, 140, 141, 144, 167, 168, 170, 171, 172, 179, 181, 195], "summary": {"covered_lines": 55, "num_statements": 60, "percent_covered": 91.66666666666667, "percent_covered_display": "92", "missing_lines": 5, "excluded_lines": 0, "percent_statements_covered": 91.66666666666667, "percent_statements_covered_display": "92"}, "missing_lines": [41, 65, 74, 174, 177], "excluded_lines": [], "start_line": 1}}}, "src/hybridock_pep/prep/ligand.py": {"executed_lines": [1, 3, 4, 5, 6, 7, 8, 10, 12, 21, 36, 37, 38, 39, 40, 43, 73, 76, 77, 78, 79, 81, 83, 84, 85, 89, 95, 96, 100, 101, 102, 103, 110, 136, 137, 139, 144, 145, 147, 151, 152, 156, 157, 158, 159, 160, 162, 164, 167], "summary": {"covered_lines": 49, "num_statements": 50, "percent_covered": 98.0, "percent_covered_display": "98", "missing_lines": 1, "excluded_lines": 0, "percent_statements_covered": 98.0, "percent_statements_covered_display": "98"}, "missing_lines": [86], "excluded_lines": [], "functions": {"_wrap_pdbqt_rigid": {"executed_lines": [36, 37, 38, 39, 40], "summary": {"covered_lines": 5, "num_statements": 5, "percent_covered": 100.0, "percent_covered_display": "100", "missing_lines": 0, "excluded_lines": 0, "percent_statements_covered": 100.0, "percent_statements_covered_display": "100"}, "missing_lines": [], "excluded_lines": [], "start_line": 21}, "_prepare_single_ligand": {"executed_lines": [73, 76, 77, 78, 79, 81, 83, 84, 85, 89, 95, 96, 100, 101, 102, 103], "summary": {"covered_lines": 16, "num_statements": 17, "percent_covered": 94.11764705882354, "percent_covered_display": "94", "missing_lines": 1, "excluded_lines": 0, "percent_statements_covered": 94.11764705882354, "percent_statements_covered_display": "94"}, "missing_lines": [86], "excluded_lines": [], "start_line": 43}, "prepare_ligand_batch": {"executed_lines": [136, 137, 139, 144, 145, 147, 151, 152, 156, 157, 158, 159, 160, 162, 164, 167], "summary": {"covered_lines": 16, "num_statements": 16, "percent_covered": 100.0, "percent_covered_display": "100", "missing_lines": 0, "excluded_lines": 0, "percent_statements_covered": 100.0, "percent_statements_covered_display": "100"}, "missing_lines": [], "excluded_lines": [], "start_line": 110}, "": {"executed_lines": [1, 3, 4, 5, 6, 7, 8, 10, 12, 21, 43, 110], "summary": {"covered_lines": 12, "num_statements": 12, "percent_covered": 100.0, "percent_covered_display": "100", "missing_lines": 0, "excluded_lines": 0, "percent_statements_covered": 100.0, "percent_statements_covered_display": "100"}, "missing_lines": [], "excluded_lines": [], "start_line": 1}}, "classes": {"": {"executed_lines": [1, 3, 4, 5, 6, 7, 8, 10, 12, 21, 36, 37, 38, 39, 40, 43, 73, 76, 77, 78, 79, 81, 83, 84, 85, 89, 95, 96, 100, 101, 102, 103, 110, 136, 137, 139, 144, 145, 147, 151, 152, 156, 157, 158, 159, 160, 162, 164, 167], "summary": {"covered_lines": 49, "num_statements": 50, "percent_covered": 98.0, "percent_covered_display": "98", "missing_lines": 1, "excluded_lines": 0, "percent_statements_covered": 98.0, "percent_statements_covered_display": "98"}, "missing_lines": [86], "excluded_lines": [], "start_line": 1}}}, "src/hybridock_pep/prep/phospho.py": {"executed_lines": [10, 12, 13, 15, 17, 19, 22, 24, 25, 26, 27, 28, 29, 30, 31, 32, 33, 36, 55, 56, 58, 59, 61, 62, 63, 67, 73, 74, 76, 77, 81, 82, 83, 84, 86, 87, 88, 90, 91], "summary": {"covered_lines": 39, "num_statements": 39, "percent_covered": 100.0, "percent_covered_display": "100", "missing_lines": 0, "excluded_lines": 0, "percent_statements_covered": 100.0, "percent_statements_covered_display": "100"}, "missing_lines": [], "excluded_lines": [], "functions": {"has_phospho_residues": {"executed_lines": [24, 25, 26, 27, 28, 29, 30, 31, 32, 33], "summary": {"covered_lines": 10, "num_statements": 10, "percent_covered": 100.0, "percent_covered_display": "100", "missing_lines": 0, "excluded_lines": 0, "percent_statements_covered": 100.0, "percent_statements_covered_display": "100"}, "missing_lines": [], "excluded_lines": [], "start_line": 22}, "prepare_phospho_ligand": {"executed_lines": [55, 56, 58, 59, 61, 62, 63, 67, 73, 74, 76, 77, 81, 82, 83, 84, 86, 87, 88, 90, 91], "summary": {"covered_lines": 21, "num_statements": 21, "percent_covered": 100.0, "percent_covered_display": "100", "missing_lines": 0, "excluded_lines": 0, "percent_statements_covered": 100.0, "percent_statements_covered_display": "100"}, "missing_lines": [], "excluded_lines": [], "start_line": 36}, "": {"executed_lines": [10, 12, 13, 15, 17, 19, 22, 36], "summary": {"covered_lines": 8, "num_statements": 8, "percent_covered": 100.0, "percent_covered_display": "100", "missing_lines": 0, "excluded_lines": 0, "percent_statements_covered": 100.0, "percent_statements_covered_display": "100"}, "missing_lines": [], "excluded_lines": [], "start_line": 1}}, "classes": {"": {"executed_lines": [10, 12, 13, 15, 17, 19, 22, 24, 25, 26, 27, 28, 29, 30, 31, 32, 33, 36, 55, 56, 58, 59, 61, 62, 63, 67, 73, 74, 76, 77, 81, 82, 83, 84, 86, 87, 88, 90, 91], "summary": {"covered_lines": 39, "num_statements": 39, "percent_covered": 100.0, "percent_covered_display": "100", "missing_lines": 0, "excluded_lines": 0, "percent_statements_covered": 100.0, "percent_statements_covered_display": "100"}, "missing_lines": [], "excluded_lines": [], "start_line": 1}}}, "src/hybridock_pep/prep/receptor.py": {"executed_lines": [1, 3, 4, 5, 6, 8, 9, 11, 12, 14, 17, 40, 41, 42, 45, 47, 48, 49, 51, 53, 54, 55, 56, 57, 81, 84, 85, 87, 92, 98, 99, 100, 106, 108, 109, 113, 114, 117, 132, 133, 134, 139, 143, 144, 145, 147, 148, 149, 150, 154, 155, 157, 159, 160, 163, 166, 179, 180, 181, 182, 183, 184, 185, 186, 187, 188, 189, 190, 191], "summary": {"covered_lines": 69, "num_statements": 76, "percent_covered": 90.78947368421052, "percent_covered_display": "91", "missing_lines": 7, "excluded_lines": 0, "percent_statements_covered": 90.78947368421052, "percent_statements_covered_display": "91"}, "missing_lines": [58, 62, 65, 67, 73, 74, 75], "excluded_lines": [], "functions": {"prepare_receptor": {"executed_lines": [40, 41, 42, 45, 47, 48, 49, 51, 53, 54, 55, 56, 57, 81, 84, 85, 87, 92, 98, 99, 100, 106, 108, 109, 113, 114], "summary": {"covered_lines": 26, "num_statements": 33, "percent_covered": 78.78787878787878, "percent_covered_display": "79", "missing_lines": 7, "excluded_lines": 0, "percent_statements_covered": 78.78787878787878, "percent_statements_covered_display": "79"}, "missing_lines": [58, 62, 65, 67, 73, 74, 75], "excluded_lines": [], "start_line": 17}, "prepare_receptor_pdb": {"executed_lines": [132, 133, 134, 139, 143, 144, 145, 147, 148, 149, 150, 154, 155, 157, 159, 160], "summary": {"covered_lines": 16, "num_statements": 16, "percent_covered": 100.0, "percent_covered_display": "100", "missing_lines": 0, "excluded_lines": 0, "percent_statements_covered": 100.0, "percent_statements_covered_display": "100"}, "missing_lines": [], "excluded_lines": [], "start_line": 117}, "_filter_pdb_lines": {"executed_lines": [179, 180, 181, 182, 183, 184, 185, 186, 187, 188, 189, 190, 191], "summary": {"covered_lines": 13, "num_statements": 13, "percent_covered": 100.0, "percent_covered_display": "100", "missing_lines": 0, "excluded_lines": 0, "percent_statements_covered": 100.0, "percent_statements_covered_display": "100"}, "missing_lines": [], "excluded_lines": [], "start_line": 166}, "": {"executed_lines": [1, 3, 4, 5, 6, 8, 9, 11, 12, 14, 17, 117, 163, 166], "summary": {"covered_lines": 14, "num_statements": 14, "percent_covered": 100.0, "percent_covered_display": "100", "missing_lines": 0, "excluded_lines": 0, "percent_statements_covered": 100.0, "percent_statements_covered_display": "100"}, "missing_lines": [], "excluded_lines": [], "start_line": 1}}, "classes": {"": {"executed_lines": [1, 3, 4, 5, 6, 8, 9, 11, 12, 14, 17, 40, 41, 42, 45, 47, 48, 49, 51, 53, 54, 55, 56, 57, 81, 84, 85, 87, 92, 98, 99, 100, 106, 108, 109, 113, 114, 117, 132, 133, 134, 139, 143, 144, 145, 147, 148, 149, 150, 154, 155, 157, 159, 160, 163, 166, 179, 180, 181, 182, 183, 184, 185, 186, 187, 188, 189, 190, 191], "summary": {"covered_lines": 69, "num_statements": 76, "percent_covered": 90.78947368421052, "percent_covered_display": "91", "missing_lines": 7, "excluded_lines": 0, "percent_statements_covered": 90.78947368421052, "percent_statements_covered_display": "91"}, "missing_lines": [58, 62, 65, 67, 73, 74, 75], "excluded_lines": [], "start_line": 1}}}, "src/hybridock_pep/sampling/__init__.py": {"executed_lines": [1, 3], "summary": {"covered_lines": 2, "num_statements": 2, "percent_covered": 100.0, "percent_covered_display": "100", "missing_lines": 0, "excluded_lines": 0, "percent_statements_covered": 100.0, "percent_statements_covered_display": "100"}, "missing_lines": [], "excluded_lines": [], "functions": {"": {"executed_lines": [1, 3], "summary": {"covered_lines": 2, "num_statements": 2, "percent_covered": 100.0, "percent_covered_display": "100", "missing_lines": 0, "excluded_lines": 0, "percent_statements_covered": 100.0, "percent_statements_covered_display": "100"}, "missing_lines": [], "excluded_lines": [], "start_line": 1}}, "classes": {"": {"executed_lines": [1, 3], "summary": {"covered_lines": 2, "num_statements": 2, "percent_covered": 100.0, "percent_covered_display": "100", "missing_lines": 0, "excluded_lines": 0, "percent_statements_covered": 100.0, "percent_statements_covered_display": "100"}, "missing_lines": [], "excluded_lines": [], "start_line": 1}}}, "src/hybridock_pep/sampling/pose_io.py": {"executed_lines": [17, 19, 20, 22, 24, 26, 28, 29, 31, 36, 41, 42, 47, 66, 67, 69, 70, 72, 73, 74, 87, 88, 89, 90, 91, 98, 100, 105, 108, 136, 137, 139, 141, 142, 143, 145, 147, 148, 150, 153, 154, 155, 156, 158, 160, 162, 165, 168, 170, 178, 200, 206, 207, 208, 209, 210, 211, 213, 214, 217, 218, 219, 220, 226, 227, 228, 232, 233, 234, 235, 237, 238, 242, 243, 244], "summary": {"covered_lines": 75, "num_statements": 96, "percent_covered": 78.125, "percent_covered_display": "78", "missing_lines": 21, "excluded_lines": 0, "percent_statements_covered": 78.125, "percent_statements_covered_display": "78"}, "missing_lines": [32, 33, 43, 44, 75, 77, 84, 85, 144, 157, 159, 163, 215, 221, 222, 223, 224, 236, 239, 240, 247], "excluded_lines": [], "functions": {"_is_standard_aa": {"executed_lines": [41, 42], "summary": {"covered_lines": 2, "num_statements": 4, "percent_covered": 50.0, "percent_covered_display": "50", "missing_lines": 2, "excluded_lines": 0, "percent_statements_covered": 50.0, "percent_statements_covered_display": "50"}, "missing_lines": [43, 44], "excluded_lines": [], "start_line": 36}, "parse_poses": {"executed_lines": [66, 67, 69, 70, 72, 73, 74, 87, 88, 89, 90, 91, 98, 100, 105], "summary": {"covered_lines": 15, "num_statements": 19, "percent_covered": 78.94736842105263, "percent_covered_display": "79", "missing_lines": 4, "excluded_lines": 0, "percent_statements_covered": 78.94736842105263, "percent_statements_covered_display": "79"}, "missing_lines": [75, 77, 84, 85], "excluded_lines": [], "start_line": 47}, "_parse_single_pose": {"executed_lines": [136, 137, 139, 141, 147, 148, 150, 153, 154, 155, 156, 158, 160, 162, 165, 168, 170], "summary": {"covered_lines": 17, "num_statements": 20, "percent_covered": 85.0, "percent_covered_display": "85", "missing_lines": 3, "excluded_lines": 0, "percent_statements_covered": 85.0, "percent_statements_covered_display": "85"}, "missing_lines": [157, 159, 163], "excluded_lines": [], "start_line": 108}, "_parse_single_pose.three_to_one": {"executed_lines": [142, 143, 145], "summary": {"covered_lines": 3, "num_statements": 4, "percent_covered": 75.0, "percent_covered_display": "75", "missing_lines": 1, "excluded_lines": 0, "percent_statements_covered": 75.0, "percent_statements_covered_display": "75"}, "missing_lines": [144], "excluded_lines": [], "start_line": 141}, "_extract_sequence_seqres_first": {"executed_lines": [200, 206, 207, 208, 209, 210, 211, 213, 214, 217, 218, 219, 220, 226, 227, 228, 232, 233, 234, 235, 237, 238, 242, 243, 244], "summary": {"covered_lines": 25, "num_statements": 34, "percent_covered": 73.52941176470588, "percent_covered_display": "74", "missing_lines": 9, "excluded_lines": 0, "percent_statements_covered": 73.52941176470588, "percent_statements_covered_display": "74"}, "missing_lines": [215, 221, 222, 223, 224, 236, 239, 240, 247], "excluded_lines": [], "start_line": 178}, "": {"executed_lines": [17, 19, 20, 22, 24, 26, 28, 29, 31, 36, 47, 108, 178], "summary": {"covered_lines": 13, "num_statements": 15, "percent_covered": 86.66666666666667, "percent_covered_display": "87", "missing_lines": 2, "excluded_lines": 0, "percent_statements_covered": 86.66666666666667, "percent_statements_covered_display": "87"}, "missing_lines": [32, 33], "excluded_lines": [], "start_line": 1}}, "classes": {"": {"executed_lines": [17, 19, 20, 22, 24, 26, 28, 29, 31, 36, 41, 42, 47, 66, 67, 69, 70, 72, 73, 74, 87, 88, 89, 90, 91, 98, 100, 105, 108, 136, 137, 139, 141, 142, 143, 145, 147, 148, 150, 153, 154, 155, 156, 158, 160, 162, 165, 168, 170, 178, 200, 206, 207, 208, 209, 210, 211, 213, 214, 217, 218, 219, 220, 226, 227, 228, 232, 233, 234, 235, 237, 238, 242, 243, 244], "summary": {"covered_lines": 75, "num_statements": 96, "percent_covered": 78.125, "percent_covered_display": "78", "missing_lines": 21, "excluded_lines": 0, "percent_statements_covered": 78.125, "percent_statements_covered_display": "78"}, "missing_lines": [32, 33, 43, 44, 75, 77, 84, 85, 144, 157, 159, 163, 215, 221, 222, 223, 224, 236, 239, 240, 247], "excluded_lines": [], "start_line": 1}}}, "src/hybridock_pep/sampling/rapidock_runner.py": {"executed_lines": [23, 25, 26, 27, 28, 29, 30, 31, 33, 35, 38, 47, 54, 56, 61, 62, 64, 74, 90, 91, 95, 96, 97, 98, 99, 100, 101, 117, 129, 130, 132, 133, 134, 135, 142, 154, 155, 157, 158, 159, 160, 161, 169, 177, 180, 212, 213, 214, 215, 216, 217, 218, 219, 221, 232, 235, 238, 241, 242, 245, 250, 251, 254, 255, 262, 263, 264, 266, 271, 272, 273, 274, 275, 277, 280, 281, 286, 287, 293], "summary": {"covered_lines": 79, "num_statements": 97, "percent_covered": 81.44329896907216, "percent_covered_display": "81", "missing_lines": 18, "excluded_lines": 0, "percent_statements_covered": 81.44329896907216, "percent_statements_covered_display": "81"}, "missing_lines": [48, 49, 50, 92, 103, 104, 105, 106, 107, 109, 131, 136, 156, 162, 233, 246, 247, 248], "excluded_lines": [], "functions": {"_stream_stderr": {"executed_lines": [47], "summary": {"covered_lines": 1, "num_statements": 4, "percent_covered": 25.0, "percent_covered_display": "25", "missing_lines": 3, "excluded_lines": 0, "percent_statements_covered": 25.0, "percent_statements_covered_display": "25"}, "missing_lines": [48, 49, 50], "excluded_lines": [], "start_line": 38}, "_find_rapidock_python": {"executed_lines": [90, 91, 95, 96, 97, 98, 99, 100, 101], "summary": {"covered_lines": 9, "num_statements": 16, "percent_covered": 56.25, "percent_covered_display": "56", "missing_lines": 7, "excluded_lines": 0, "percent_statements_covered": 56.25, "percent_statements_covered_display": "56"}, "missing_lines": [92, 103, 104, 105, 106, 107, 109], "excluded_lines": [], "start_line": 74}, "_find_rapidock_dir": {"executed_lines": [129, 130, 132, 133, 134, 135], "summary": {"covered_lines": 6, "num_statements": 8, "percent_covered": 75.0, "percent_covered_display": "75", "missing_lines": 2, "excluded_lines": 0, "percent_statements_covered": 75.0, "percent_statements_covered_display": "75"}, "missing_lines": [131, 136], "excluded_lines": [], "start_line": 117}, "_find_model_dir": {"executed_lines": [154, 155, 157, 158, 159, 160, 161], "summary": {"covered_lines": 7, "num_statements": 9, "percent_covered": 77.77777777777777, "percent_covered_display": "78", "missing_lines": 2, "excluded_lines": 0, "percent_statements_covered": 77.77777777777777, "percent_statements_covered_display": "78"}, "missing_lines": [156, 162], "excluded_lines": [], "start_line": 142}, "_find_ckpt_name": {"executed_lines": [177], "summary": {"covered_lines": 1, "num_statements": 1, "percent_covered": 100.0, "percent_covered_display": "100", "missing_lines": 0, "excluded_lines": 0, "percent_statements_covered": 100.0, "percent_statements_covered_display": "100"}, "missing_lines": [], "excluded_lines": [], "start_line": 169}, "run_sampling": {"executed_lines": [212, 213, 214, 215, 216, 217, 218, 219, 221, 232, 235, 238, 241, 242, 245, 250, 251, 254, 255, 262, 263, 264, 266, 271, 272, 273, 274, 275, 277, 280, 281, 286, 287, 293], "summary": {"covered_lines": 34, "num_statements": 38, "percent_covered": 89.47368421052632, "percent_covered_display": "89", "missing_lines": 4, "excluded_lines": 0, "percent_statements_covered": 89.47368421052632, "percent_statements_covered_display": "89"}, "missing_lines": [233, 246, 247, 248], "excluded_lines": [], "start_line": 180}, "": {"executed_lines": [23, 25, 26, 27, 28, 29, 30, 31, 33, 35, 38, 54, 56, 61, 62, 64, 74, 117, 142, 169, 180], "summary": {"covered_lines": 21, "num_statements": 21, "percent_covered": 100.0, "percent_covered_display": "100", "missing_lines": 0, "excluded_lines": 0, "percent_statements_covered": 100.0, "percent_statements_covered_display": "100"}, "missing_lines": [], "excluded_lines": [], "start_line": 1}}, "classes": {"": {"executed_lines": [23, 25, 26, 27, 28, 29, 30, 31, 33, 35, 38, 47, 54, 56, 61, 62, 64, 74, 90, 91, 95, 96, 97, 98, 99, 100, 101, 117, 129, 130, 132, 133, 134, 135, 142, 154, 155, 157, 158, 159, 160, 161, 169, 177, 180, 212, 213, 214, 215, 216, 217, 218, 219, 221, 232, 235, 238, 241, 242, 245, 250, 251, 254, 255, 262, 263, 264, 266, 271, 272, 273, 274, 275, 277, 280, 281, 286, 287, 293], "summary": {"covered_lines": 79, "num_statements": 97, "percent_covered": 81.44329896907216, "percent_covered_display": "81", "missing_lines": 18, "excluded_lines": 0, "percent_statements_covered": 81.44329896907216, "percent_statements_covered_display": "81"}, "missing_lines": [48, 49, 50, 92, 103, 104, 105, 106, 107, 109, 131, 136, 156, 162, 233, 246, 247, 248], "excluded_lines": [], "start_line": 1}}}, "src/hybridock_pep/sampling/run_rapidock.py": {"executed_lines": [], "summary": {"covered_lines": 0, "num_statements": 67, "percent_covered": 0.0, "percent_covered_display": "0", "missing_lines": 67, "excluded_lines": 0, "percent_statements_covered": 0.0, "percent_statements_covered_display": "0"}, "missing_lines": [13, 15, 16, 17, 18, 19, 22, 32, 33, 35, 36, 37, 38, 41, 44, 47, 52, 57, 63, 70, 76, 82, 88, 93, 103, 107, 108, 111, 112, 113, 114, 117, 118, 121, 122, 125, 126, 127, 128, 129, 130, 131, 132, 133, 134, 135, 136, 140, 141, 142, 143, 144, 145, 146, 147, 151, 152, 154, 156, 157, 158, 159, 160, 162, 165, 168, 169], "excluded_lines": [], "functions": {"_seed_everything": {"executed_lines": [], "summary": {"covered_lines": 0, "num_statements": 6, "percent_covered": 0.0, "percent_covered_display": "0", "missing_lines": 6, "excluded_lines": 0, "percent_statements_covered": 0.0, "percent_statements_covered_display": "0"}, "missing_lines": [32, 33, 35, 36, 37, 38], "excluded_lines": [], "start_line": 22}, "main": {"executed_lines": [], "summary": {"covered_lines": 0, "num_statements": 46, "percent_covered": 0.0, "percent_covered_display": "0", "missing_lines": 46, "excluded_lines": 0, "percent_statements_covered": 0.0, "percent_statements_covered_display": "0"}, "missing_lines": [44, 47, 52, 57, 63, 70, 76, 82, 88, 93, 103, 107, 108, 111, 112, 113, 114, 117, 118, 121, 122, 125, 126, 127, 128, 129, 130, 131, 132, 133, 134, 135, 136, 140, 141, 142, 143, 144, 145, 146, 147, 151, 152, 154, 162, 165], "excluded_lines": [], "start_line": 41}, "main._process_with_traceback": {"executed_lines": [], "summary": {"covered_lines": 0, "num_statements": 5, "percent_covered": 0.0, "percent_covered_display": "0", "missing_lines": 5, "excluded_lines": 0, "percent_statements_covered": 0.0, "percent_statements_covered_display": "0"}, "missing_lines": [156, 157, 158, 159, 160], "excluded_lines": [], "start_line": 154}, "": {"executed_lines": [], "summary": {"covered_lines": 0, "num_statements": 10, "percent_covered": 0.0, "percent_covered_display": "0", "missing_lines": 10, "excluded_lines": 0, "percent_statements_covered": 0.0, "percent_statements_covered_display": "0"}, "missing_lines": [13, 15, 16, 17, 18, 19, 22, 41, 168, 169], "excluded_lines": [], "start_line": 1}}, "classes": {"": {"executed_lines": [], "summary": {"covered_lines": 0, "num_statements": 67, "percent_covered": 0.0, "percent_covered_display": "0", "missing_lines": 67, "excluded_lines": 0, "percent_statements_covered": 0.0, "percent_statements_covered_display": "0"}, "missing_lines": [13, 15, 16, 17, 18, 19, 22, 32, 33, 35, 36, 37, 38, 41, 44, 47, 52, 57, 63, 70, 76, 82, 88, 93, 103, 107, 108, 111, 112, 113, 114, 117, 118, 121, 122, 125, 126, 127, 128, 129, 130, 131, 132, 133, 134, 135, 136, 140, 141, 142, 143, 144, 145, 146, 147, 151, 152, 154, 156, 157, 158, 159, 160, 162, 165, 168, 169], "excluded_lines": [], "start_line": 1}}}, "src/hybridock_pep/scoring/__init__.py": {"executed_lines": [6, 8, 9, 10, 17], "summary": {"covered_lines": 5, "num_statements": 5, "percent_covered": 100.0, "percent_covered_display": "100", "missing_lines": 0, "excluded_lines": 0, "percent_statements_covered": 100.0, "percent_statements_covered_display": "100"}, "missing_lines": [], "excluded_lines": [], "functions": {"": {"executed_lines": [6, 8, 9, 10, 17], "summary": {"covered_lines": 5, "num_statements": 5, "percent_covered": 100.0, "percent_covered_display": "100", "missing_lines": 0, "excluded_lines": 0, "percent_statements_covered": 100.0, "percent_statements_covered_display": "100"}, "missing_lines": [], "excluded_lines": [], "start_line": 1}}, "classes": {"": {"executed_lines": [6, 8, 9, 10, 17], "summary": {"covered_lines": 5, "num_statements": 5, "percent_covered": 100.0, "percent_covered_display": "100", "missing_lines": 0, "excluded_lines": 0, "percent_statements_covered": 100.0, "percent_statements_covered_display": "100"}, "missing_lines": [], "excluded_lines": [], "start_line": 1}}}, "src/hybridock_pep/scoring/ad4.py": {"executed_lines": [17, 19, 20, 22, 24, 25, 30, 33, 71, 72, 75, 76, 79, 80, 82, 83, 85, 86, 87, 88, 89, 90, 91, 96, 98, 99, 100, 108], "summary": {"covered_lines": 28, "num_statements": 31, "percent_covered": 90.3225806451613, "percent_covered_display": "90", "missing_lines": 3, "excluded_lines": 0, "percent_statements_covered": 90.3225806451613, "percent_statements_covered_display": "90"}, "missing_lines": [26, 27, 73], "excluded_lines": [], "functions": {"score_ad4_batch": {"executed_lines": [71, 72, 75, 76, 79, 80, 82, 83, 85, 86, 87, 88, 89, 90, 91, 96, 98, 99, 100, 108], "summary": {"covered_lines": 20, "num_statements": 21, "percent_covered": 95.23809523809524, "percent_covered_display": "95", "missing_lines": 1, "excluded_lines": 0, "percent_statements_covered": 95.23809523809524, "percent_statements_covered_display": "95"}, "missing_lines": [73], "excluded_lines": [], "start_line": 33}, "": {"executed_lines": [17, 19, 20, 22, 24, 25, 30, 33], "summary": {"covered_lines": 8, "num_statements": 10, "percent_covered": 80.0, "percent_covered_display": "80", "missing_lines": 2, "excluded_lines": 0, "percent_statements_covered": 80.0, "percent_statements_covered_display": "80"}, "missing_lines": [26, 27], "excluded_lines": [], "start_line": 1}}, "classes": {"": {"executed_lines": [17, 19, 20, 22, 24, 25, 30, 33, 71, 72, 75, 76, 79, 80, 82, 83, 85, 86, 87, 88, 89, 90, 91, 96, 98, 99, 100, 108], "summary": {"covered_lines": 28, "num_statements": 31, "percent_covered": 90.3225806451613, "percent_covered_display": "90", "missing_lines": 3, "excluded_lines": 0, "percent_statements_covered": 90.3225806451613, "percent_statements_covered_display": "90"}, "missing_lines": [26, 27, 73], "excluded_lines": [], "start_line": 1}}}, "src/hybridock_pep/scoring/entropy.py": {"executed_lines": [19, 21, 22, 23, 24, 25, 27, 28, 29, 31, 33, 36, 38, 46, 47, 48, 49, 52, 70, 71, 72, 73, 75, 76, 77, 84, 85, 89, 90, 96, 97, 103, 104, 105, 110, 114, 117, 135, 141, 142, 143, 144, 147, 156, 157, 158, 159, 160, 161, 162, 164, 165, 166, 167, 168, 169, 170, 173, 174, 175, 178, 187, 188, 189, 190, 191, 192, 193, 195, 196, 197, 198, 201, 202, 205, 217, 218, 221, 224, 248, 250, 251, 253, 254, 255, 258, 259, 260, 261, 262, 265, 284, 286, 287, 289, 290, 291, 294, 334, 339, 340, 341, 342, 347, 349, 350, 355, 384, 431, 432, 438, 444, 451, 452, 454, 456, 457, 462, 463, 464, 465, 468, 469, 470, 471, 473, 474, 475, 476, 482, 484, 485, 486, 487, 489, 491, 493, 502, 512, 552, 553, 554, 558, 559, 560, 563, 568, 569, 570, 571, 572, 573, 575, 581, 586, 587, 590, 591, 592, 593, 595, 597, 598, 599, 601, 603, 604], "summary": {"covered_lines": 167, "num_statements": 192, "percent_covered": 86.97916666666667, "percent_covered_display": "87", "missing_lines": 25, "excluded_lines": 0, "percent_statements_covered": 86.97916666666667, "percent_statements_covered_display": "87"}, "missing_lines": [78, 79, 98, 163, 171, 172, 194, 199, 200, 249, 252, 256, 285, 288, 335, 370, 371, 433, 439, 445, 449, 477, 561, 574, 588], "excluded_lines": [], "functions": {"load_calibration": {"executed_lines": [70, 71, 72, 73, 75, 76, 77, 84, 85, 89, 90, 96, 97, 103, 104, 105, 110, 114], "summary": {"covered_lines": 18, "num_statements": 21, "percent_covered": 85.71428571428571, "percent_covered_display": "86", "missing_lines": 3, "excluded_lines": 0, "percent_statements_covered": 85.71428571428571, "percent_statements_covered_display": "86"}, "missing_lines": [78, 79, 98], "excluded_lines": [], "start_line": 52}, "write_calibration": {"executed_lines": [135, 141, 142, 143, 144], "summary": {"covered_lines": 5, "num_statements": 5, "percent_covered": 100.0, "percent_covered_display": "100", "missing_lines": 0, "excluded_lines": 0, "percent_statements_covered": 100.0, "percent_statements_covered_display": "100"}, "missing_lines": [], "excluded_lines": [], "start_line": 117}, "_parse_heavy_atoms_by_residue": {"executed_lines": [156, 157, 158, 159, 160, 161, 162, 164, 165, 166, 167, 168, 169, 170, 173, 174, 175], "summary": {"covered_lines": 17, "num_statements": 20, "percent_covered": 85.0, "percent_covered_display": "85", "missing_lines": 3, "excluded_lines": 0, "percent_statements_covered": 85.0, "percent_statements_covered_display": "85"}, "missing_lines": [163, 171, 172], "excluded_lines": [], "start_line": 147}, "_parse_heavy_atom_coords": {"executed_lines": [187, 188, 189, 190, 191, 192, 193, 195, 196, 197, 198, 201, 202], "summary": {"covered_lines": 13, "num_statements": 16, "percent_covered": 81.25, "percent_covered_display": "81", "missing_lines": 3, "excluded_lines": 0, "percent_statements_covered": 81.25, "percent_statements_covered_display": "81"}, "missing_lines": [194, 199, 200], "excluded_lines": [], "start_line": 178}, "load_receptor_heavy_atom_coords": {"executed_lines": [217, 218, 221], "summary": {"covered_lines": 3, "num_statements": 3, "percent_covered": 100.0, "percent_covered_display": "100", "missing_lines": 0, "excluded_lines": 0, "percent_statements_covered": 100.0, "percent_statements_covered_display": "100"}, "missing_lines": [], "excluded_lines": [], "start_line": 205}, "count_contact_residues": {"executed_lines": [248, 250, 251, 253, 254, 255, 258, 259, 260, 261, 262], "summary": {"covered_lines": 11, "num_statements": 14, "percent_covered": 78.57142857142857, "percent_covered_display": "79", "missing_lines": 3, "excluded_lines": 0, "percent_statements_covered": 78.57142857142857, "percent_statements_covered_display": "79"}, "missing_lines": [249, 252, 256], "excluded_lines": [], "start_line": 224}, "check_intermolecular_clash": {"executed_lines": [284, 286, 287, 289, 290, 291], "summary": {"covered_lines": 6, "num_statements": 8, "percent_covered": 75.0, "percent_covered_display": "75", "missing_lines": 2, "excluded_lines": 0, "percent_statements_covered": 75.0, "percent_statements_covered_display": "75"}, "missing_lines": [285, 288], "excluded_lines": [], "start_line": 265}, "apply_hybrid_score": {"executed_lines": [334, 339, 340, 341, 342, 347, 349, 350, 355], "summary": {"covered_lines": 9, "num_statements": 12, "percent_covered": 75.0, "percent_covered_display": "75", "missing_lines": 3, "excluded_lines": 0, "percent_statements_covered": 75.0, "percent_statements_covered_display": "75"}, "missing_lines": [335, 370, 371], "excluded_lines": [], "start_line": 294}, "fit_calibration": {"executed_lines": [431, 432, 438, 444, 451, 452, 454, 456, 462, 473, 474, 475, 476, 482, 484, 485, 486, 487, 489, 491, 493, 502], "summary": {"covered_lines": 22, "num_statements": 27, "percent_covered": 81.48148148148148, "percent_covered_display": "81", "missing_lines": 5, "excluded_lines": 0, "percent_statements_covered": 81.48148148148148, "percent_statements_covered_display": "81"}, "missing_lines": [433, 439, 445, 449, 477], "excluded_lines": [], "start_line": 384}, "fit_calibration._hybrids": {"executed_lines": [457], "summary": {"covered_lines": 1, "num_statements": 1, "percent_covered": 100.0, "percent_covered_display": "100", "missing_lines": 0, "excluded_lines": 0, "percent_statements_covered": 100.0, "percent_statements_covered_display": "100"}, "missing_lines": [], "excluded_lines": [], "start_line": 456}, "fit_calibration.objective": {"executed_lines": [463, 464, 465, 468, 469, 470, 471], "summary": {"covered_lines": 7, "num_statements": 7, "percent_covered": 100.0, "percent_covered_display": "100", "missing_lines": 0, "excluded_lines": 0, "percent_statements_covered": 100.0, "percent_statements_covered_display": "100"}, "missing_lines": [], "excluded_lines": [], "start_line": 462}, "apply_ensemble_hybrid_scores": {"executed_lines": [552, 553, 554, 558, 559, 560, 563, 568, 569, 570, 571, 572, 573, 575, 581, 586, 587, 590, 591, 592, 593, 595, 597, 598, 599, 601, 603, 604], "summary": {"covered_lines": 28, "num_statements": 31, "percent_covered": 90.3225806451613, "percent_covered_display": "90", "missing_lines": 3, "excluded_lines": 0, "percent_statements_covered": 90.3225806451613, "percent_statements_covered_display": "90"}, "missing_lines": [561, 574, 588], "excluded_lines": [], "start_line": 512}, "": {"executed_lines": [19, 21, 22, 23, 24, 25, 27, 28, 29, 31, 33, 36, 38, 46, 47, 48, 49, 52, 117, 147, 178, 205, 224, 265, 294, 384, 512], "summary": {"covered_lines": 27, "num_statements": 27, "percent_covered": 100.0, "percent_covered_display": "100", "missing_lines": 0, "excluded_lines": 0, "percent_statements_covered": 100.0, "percent_statements_covered_display": "100"}, "missing_lines": [], "excluded_lines": [], "start_line": 1}}, "classes": {"": {"executed_lines": [19, 21, 22, 23, 24, 25, 27, 28, 29, 31, 33, 36, 38, 46, 47, 48, 49, 52, 70, 71, 72, 73, 75, 76, 77, 84, 85, 89, 90, 96, 97, 103, 104, 105, 110, 114, 117, 135, 141, 142, 143, 144, 147, 156, 157, 158, 159, 160, 161, 162, 164, 165, 166, 167, 168, 169, 170, 173, 174, 175, 178, 187, 188, 189, 190, 191, 192, 193, 195, 196, 197, 198, 201, 202, 205, 217, 218, 221, 224, 248, 250, 251, 253, 254, 255, 258, 259, 260, 261, 262, 265, 284, 286, 287, 289, 290, 291, 294, 334, 339, 340, 341, 342, 347, 349, 350, 355, 384, 431, 432, 438, 444, 451, 452, 454, 456, 457, 462, 463, 464, 465, 468, 469, 470, 471, 473, 474, 475, 476, 482, 484, 485, 486, 487, 489, 491, 493, 502, 512, 552, 553, 554, 558, 559, 560, 563, 568, 569, 570, 571, 572, 573, 575, 581, 586, 587, 590, 591, 592, 593, 595, 597, 598, 599, 601, 603, 604], "summary": {"covered_lines": 167, "num_statements": 192, "percent_covered": 86.97916666666667, "percent_covered_display": "87", "missing_lines": 25, "excluded_lines": 0, "percent_statements_covered": 86.97916666666667, "percent_statements_covered_display": "87"}, "missing_lines": [78, 79, 98, 163, 171, 172, 194, 199, 200, 249, 252, 256, 285, 288, 335, 370, 371, 433, 439, 445, 449, 477, 561, 574, 588], "excluded_lines": [], "start_line": 1}}}, "src/hybridock_pep/scoring/minimization.py": {"executed_lines": [28, 30, 31, 33, 35, 37, 38, 39, 40, 43, 63, 64, 65, 66, 67, 72, 75, 81, 82, 83, 84, 85, 90, 91, 92, 93, 94, 97, 187, 197, 198, 199, 200, 201, 202, 203, 204, 207], "summary": {"covered_lines": 38, "num_statements": 90, "percent_covered": 42.22222222222222, "percent_covered_display": "42", "missing_lines": 52, "excluded_lines": 0, "percent_statements_covered": 42.22222222222222, "percent_statements_covered_display": "42"}, "missing_lines": [68, 69, 70, 73, 86, 87, 103, 106, 109, 110, 111, 113, 114, 116, 117, 118, 119, 120, 121, 122, 125, 126, 127, 128, 137, 141, 144, 149, 150, 152, 153, 160, 163, 164, 170, 172, 178, 180, 181, 184, 209, 210, 211, 212, 213, 214, 215, 216, 217, 218, 219, 220], "excluded_lines": [], "functions": {"minimize_pose": {"executed_lines": [63, 64, 65, 66, 67, 72, 75, 81, 82, 83, 84, 85, 90, 91, 92, 93, 94, 97], "summary": {"covered_lines": 18, "num_statements": 58, "percent_covered": 31.03448275862069, "percent_covered_display": "31", "missing_lines": 40, "excluded_lines": 0, "percent_statements_covered": 31.03448275862069, "percent_statements_covered_display": "31"}, "missing_lines": [68, 69, 70, 73, 86, 87, 103, 106, 109, 110, 111, 113, 114, 116, 117, 118, 119, 120, 121, 122, 125, 126, 127, 128, 137, 141, 144, 149, 150, 152, 153, 160, 163, 164, 170, 172, 178, 180, 181, 184], "excluded_lines": [], "start_line": 43}, "minimize_poses_batch": {"executed_lines": [197, 198, 199, 200, 201, 202, 203, 204], "summary": {"covered_lines": 8, "num_statements": 8, "percent_covered": 100.0, "percent_covered_display": "100", "missing_lines": 0, "excluded_lines": 0, "percent_statements_covered": 100.0, "percent_statements_covered_display": "100"}, "missing_lines": [], "excluded_lines": [], "start_line": 187}, "_strip_hydrogens": {"executed_lines": [], "summary": {"covered_lines": 0, "num_statements": 12, "percent_covered": 0.0, "percent_covered_display": "0", "missing_lines": 12, "excluded_lines": 0, "percent_statements_covered": 0.0, "percent_statements_covered_display": "0"}, "missing_lines": [209, 210, 211, 212, 213, 214, 215, 216, 217, 218, 219, 220], "excluded_lines": [], "start_line": 207}, "": {"executed_lines": [28, 30, 31, 33, 35, 37, 38, 39, 40, 43, 187, 207], "summary": {"covered_lines": 12, "num_statements": 12, "percent_covered": 100.0, "percent_covered_display": "100", "missing_lines": 0, "excluded_lines": 0, "percent_statements_covered": 100.0, "percent_statements_covered_display": "100"}, "missing_lines": [], "excluded_lines": [], "start_line": 1}}, "classes": {"": {"executed_lines": [28, 30, 31, 33, 35, 37, 38, 39, 40, 43, 63, 64, 65, 66, 67, 72, 75, 81, 82, 83, 84, 85, 90, 91, 92, 93, 94, 97, 187, 197, 198, 199, 200, 201, 202, 203, 204, 207], "summary": {"covered_lines": 38, "num_statements": 90, "percent_covered": 42.22222222222222, "percent_covered_display": "42", "missing_lines": 52, "excluded_lines": 0, "percent_statements_covered": 42.22222222222222, "percent_statements_covered_display": "42"}, "missing_lines": [68, 69, 70, 73, 86, 87, 103, 106, 109, 110, 111, 113, 114, 116, 117, 118, 119, 120, 121, 122, 125, 126, 127, 128, 137, 141, 144, 149, 150, 152, 153, 160, 163, 164, 170, 172, 178, 180, 181, 184, 209, 210, 211, 212, 213, 214, 215, 216, 217, 218, 219, 220], "excluded_lines": [], "start_line": 1}}}, "src/hybridock_pep/scoring/vina.py": {"executed_lines": [14, 16, 17, 18, 19, 20, 22, 23, 28, 31, 58, 59, 61, 62, 63, 64, 65, 66, 67, 68, 69, 73, 74, 75, 76, 78, 86, 88, 91, 103, 104, 111, 115, 116, 117, 118, 121, 160, 161, 164, 165, 166, 171, 173, 174, 175, 180, 183, 184, 187, 188, 190, 191, 192, 194, 195, 196, 204], "summary": {"covered_lines": 58, "num_statements": 65, "percent_covered": 89.23076923076923, "percent_covered_display": "89", "missing_lines": 7, "excluded_lines": 0, "percent_statements_covered": 89.23076923076923, "percent_statements_covered_display": "89"}, "missing_lines": [24, 25, 106, 107, 108, 109, 176], "excluded_lines": [], "functions": {"check_grid_boundary": {"executed_lines": [58, 59, 61, 62, 63, 64, 65, 66, 67, 68, 69, 73, 74, 75, 76, 78, 86, 88], "summary": {"covered_lines": 18, "num_statements": 18, "percent_covered": 100.0, "percent_covered_display": "100", "missing_lines": 0, "excluded_lines": 0, "percent_statements_covered": 100.0, "percent_statements_covered_display": "100"}, "missing_lines": [], "excluded_lines": [], "start_line": 31}, "_append_clipped_pose": {"executed_lines": [103, 104, 111, 115, 116, 117, 118], "summary": {"covered_lines": 7, "num_statements": 11, "percent_covered": 63.63636363636363, "percent_covered_display": "64", "missing_lines": 4, "excluded_lines": 0, "percent_statements_covered": 63.63636363636363, "percent_statements_covered_display": "64"}, "missing_lines": [106, 107, 108, 109], "excluded_lines": [], "start_line": 91}, "score_vina_batch": {"executed_lines": [160, 161, 164, 165, 166, 171, 173, 174, 175, 180, 183, 184, 187, 188, 190, 191, 192, 194, 195, 196, 204], "summary": {"covered_lines": 21, "num_statements": 22, "percent_covered": 95.45454545454545, "percent_covered_display": "95", "missing_lines": 1, "excluded_lines": 0, "percent_statements_covered": 95.45454545454545, "percent_statements_covered_display": "95"}, "missing_lines": [176], "excluded_lines": [], "start_line": 121}, "": {"executed_lines": [14, 16, 17, 18, 19, 20, 22, 23, 28, 31, 91, 121], "summary": {"covered_lines": 12, "num_statements": 14, "percent_covered": 85.71428571428571, "percent_covered_display": "86", "missing_lines": 2, "excluded_lines": 0, "percent_statements_covered": 85.71428571428571, "percent_statements_covered_display": "86"}, "missing_lines": [24, 25], "excluded_lines": [], "start_line": 1}}, "classes": {"": {"executed_lines": [14, 16, 17, 18, 19, 20, 22, 23, 28, 31, 58, 59, 61, 62, 63, 64, 65, 66, 67, 68, 69, 73, 74, 75, 76, 78, 86, 88, 91, 103, 104, 111, 115, 116, 117, 118, 121, 160, 161, 164, 165, 166, 171, 173, 174, 175, 180, 183, 184, 187, 188, 190, 191, 192, 194, 195, 196, 204], "summary": {"covered_lines": 58, "num_statements": 65, "percent_covered": 89.23076923076923, "percent_covered_display": "89", "missing_lines": 7, "excluded_lines": 0, "percent_statements_covered": 89.23076923076923, "percent_statements_covered_display": "89"}, "missing_lines": [24, 25, 106, 107, 108, 109, 176], "excluded_lines": [], "start_line": 1}}}, "src/hybridock_pep/ui/__init__.py": {"executed_lines": [], "summary": {"covered_lines": 0, "num_statements": 0, "percent_covered": 100.0, "percent_covered_display": "100", "missing_lines": 0, "excluded_lines": 0, "percent_statements_covered": 100.0, "percent_statements_covered_display": "100"}, "missing_lines": [], "excluded_lines": [], "functions": {"": {"executed_lines": [], "summary": {"covered_lines": 0, "num_statements": 0, "percent_covered": 100.0, "percent_covered_display": "100", "missing_lines": 0, "excluded_lines": 0, "percent_statements_covered": 100.0, "percent_statements_covered_display": "100"}, "missing_lines": [], "excluded_lines": [], "start_line": 1}}, "classes": {"": {"executed_lines": [], "summary": {"covered_lines": 0, "num_statements": 0, "percent_covered": 100.0, "percent_covered_display": "100", "missing_lines": 0, "excluded_lines": 0, "percent_statements_covered": 100.0, "percent_statements_covered_display": "100"}, "missing_lines": [], "excluded_lines": [], "start_line": 1}}}, "src/hybridock_pep/ui/_launcher.py": {"executed_lines": [], "summary": {"covered_lines": 0, "num_statements": 13, "percent_covered": 0.0, "percent_covered_display": "0", "missing_lines": 13, "excluded_lines": 0, "percent_statements_covered": 0.0, "percent_statements_covered_display": "0"}, "missing_lines": [2, 4, 5, 6, 9, 10, 11, 12, 19, 20, 21, 24, 25], "excluded_lines": [], "functions": {"main": {"executed_lines": [], "summary": {"covered_lines": 0, "num_statements": 6, "percent_covered": 0.0, "percent_covered_display": "0", "missing_lines": 6, "excluded_lines": 0, "percent_statements_covered": 0.0, "percent_statements_covered_display": "0"}, "missing_lines": [10, 11, 12, 19, 20, 21], "excluded_lines": [], "start_line": 9}, "": {"executed_lines": [], "summary": {"covered_lines": 0, "num_statements": 7, "percent_covered": 0.0, "percent_covered_display": "0", "missing_lines": 7, "excluded_lines": 0, "percent_statements_covered": 0.0, "percent_statements_covered_display": "0"}, "missing_lines": [2, 4, 5, 6, 9, 24, 25], "excluded_lines": [], "start_line": 1}}, "classes": {"": {"executed_lines": [], "summary": {"covered_lines": 0, "num_statements": 13, "percent_covered": 0.0, "percent_covered_display": "0", "missing_lines": 13, "excluded_lines": 0, "percent_statements_covered": 0.0, "percent_statements_covered_display": "0"}, "missing_lines": [2, 4, 5, 6, 9, 10, 11, 12, 19, 20, 21, 24, 25], "excluded_lines": [], "start_line": 1}}}, "src/hybridock_pep/ui/app.py": {"executed_lines": [], "summary": {"covered_lines": 0, "num_statements": 348, "percent_covered": 0.0, "percent_covered_display": "0", "missing_lines": 348, "excluded_lines": 0, "percent_statements_covered": 0.0, "percent_statements_covered_display": "0"}, "missing_lines": [6, 8, 9, 10, 11, 12, 13, 14, 16, 17, 20, 29, 30, 32, 35, 52, 59, 60, 61, 62, 63, 64, 65, 67, 68, 69, 71, 72, 73, 75, 76, 77, 78, 79, 81, 82, 83, 84, 85, 86, 87, 88, 90, 91, 92, 93, 96, 97, 98, 110, 113, 114, 115, 116, 121, 122, 123, 124, 125, 126, 127, 128, 133, 146, 151, 152, 153, 154, 156, 157, 158, 160, 170, 171, 173, 174, 175, 176, 178, 179, 181, 182, 183, 184, 185, 190, 192, 193, 201, 202, 203, 204, 210, 211, 216, 219, 220, 222, 257, 258, 259, 260, 269, 270, 271, 272, 277, 279, 280, 281, 282, 283, 284, 285, 286, 287, 292, 293, 299, 300, 301, 306, 308, 309, 310, 311, 314, 321, 322, 325, 326, 332, 333, 334, 336, 339, 340, 344, 347, 348, 349, 350, 358, 359, 360, 361, 362, 363, 366, 367, 368, 369, 374, 377, 378, 380, 382, 388, 391, 396, 403, 404, 405, 406, 407, 408, 409, 411, 412, 413, 414, 415, 417, 430, 435, 437, 438, 440, 443, 444, 446, 447, 448, 449, 450, 451, 452, 453, 454, 456, 457, 458, 459, 460, 461, 462, 463, 464, 465, 468, 470, 471, 472, 475, 476, 477, 478, 479, 480, 481, 482, 483, 485, 486, 487, 489, 490, 493, 494, 495, 496, 498, 499, 500, 501, 502, 504, 507, 508, 519, 520, 521, 523, 526, 527, 528, 529, 530, 531, 532, 533, 534, 535, 537, 539, 540, 541, 544, 545, 546, 547, 548, 549, 550, 551, 553, 554, 556, 557, 561, 563, 565, 566, 567, 568, 569, 570, 571, 573, 574, 576, 579, 580, 583, 585, 586, 589, 590, 591, 592, 594, 595, 596, 598, 599, 601, 602, 607, 608, 611, 612, 613, 616, 618, 620, 621, 624, 625, 626, 627, 628, 629, 630, 632, 633, 634, 637, 638, 640, 656, 657, 658, 661, 662, 664, 665, 671, 675, 676, 677, 680, 681, 684, 685, 691, 692, 695, 696, 697, 698, 699, 702, 706, 707, 709, 710, 712, 713, 715, 716, 719, 720, 721, 722, 724, 727, 728, 731], "excluded_lines": [], "functions": {"RunContext.__init__": {"executed_lines": [], "summary": {"covered_lines": 0, "num_statements": 9, "percent_covered": 0.0, "percent_covered_display": "0", "missing_lines": 9, "excluded_lines": 0, "percent_statements_covered": 0.0, "percent_statements_covered_display": "0"}, "missing_lines": [60, 61, 62, 63, 64, 65, 67, 68, 69], "excluded_lines": [], "start_line": 59}, "RunContext.log": {"executed_lines": [], "summary": {"covered_lines": 0, "num_statements": 2, "percent_covered": 0.0, "percent_covered_display": "0", "missing_lines": 2, "excluded_lines": 0, "percent_statements_covered": 0.0, "percent_statements_covered_display": "0"}, "missing_lines": [72, 73], "excluded_lines": [], "start_line": 71}, "RunContext.advance": {"executed_lines": [], "summary": {"covered_lines": 0, "num_statements": 4, "percent_covered": 0.0, "percent_covered_display": "0", "missing_lines": 4, "excluded_lines": 0, "percent_statements_covered": 0.0, "percent_statements_covered_display": "0"}, "missing_lines": [76, 77, 78, 79], "excluded_lines": [], "start_line": 75}, "RunContext.finish": {"executed_lines": [], "summary": {"covered_lines": 0, "num_statements": 7, "percent_covered": 0.0, "percent_covered_display": "0", "missing_lines": 7, "excluded_lines": 0, "percent_statements_covered": 0.0, "percent_statements_covered_display": "0"}, "missing_lines": [82, 83, 84, 85, 86, 87, 88], "excluded_lines": [], "start_line": 81}, "RunContext.fail": {"executed_lines": [], "summary": {"covered_lines": 0, "num_statements": 3, "percent_covered": 0.0, "percent_covered_display": "0", "missing_lines": 3, "excluded_lines": 0, "percent_statements_covered": 0.0, "percent_statements_covered_display": "0"}, "missing_lines": [91, 92, 93], "excluded_lines": [], "start_line": 90}, "RunContext.snapshot": {"executed_lines": [], "summary": {"covered_lines": 0, "num_statements": 2, "percent_covered": 0.0, "percent_covered_display": "0", "missing_lines": 2, "excluded_lines": 0, "percent_statements_covered": 0.0, "percent_statements_covered_display": "0"}, "missing_lines": [97, 98], "excluded_lines": [], "start_line": 96}, "_UILogHandler.__init__": {"executed_lines": [], "summary": {"covered_lines": 0, "num_statements": 3, "percent_covered": 0.0, "percent_covered_display": "0", "missing_lines": 3, "excluded_lines": 0, "percent_statements_covered": 0.0, "percent_statements_covered_display": "0"}, "missing_lines": [114, 115, 116], "excluded_lines": [], "start_line": 113}, "_UILogHandler.emit": {"executed_lines": [], "summary": {"covered_lines": 0, "num_statements": 7, "percent_covered": 0.0, "percent_covered_display": "0", "missing_lines": 7, "excluded_lines": 0, "percent_statements_covered": 0.0, "percent_statements_covered_display": "0"}, "missing_lines": [122, 123, 124, 125, 126, 127, 128], "excluded_lines": [], "start_line": 121}, "_run_pipeline": {"executed_lines": [], "summary": {"covered_lines": 0, "num_statements": 22, "percent_covered": 0.0, "percent_covered_display": "0", "missing_lines": 22, "excluded_lines": 0, "percent_statements_covered": 0.0, "percent_statements_covered_display": "0"}, "missing_lines": [146, 151, 152, 153, 154, 156, 157, 158, 160, 170, 171, 173, 174, 175, 176, 178, 179, 181, 182, 183, 184, 185], "excluded_lines": [], "start_line": 133}, "_gpu_stats": {"executed_lines": [], "summary": {"covered_lines": 0, "num_statements": 8, "percent_covered": 0.0, "percent_covered_display": "0", "missing_lines": 8, "excluded_lines": 0, "percent_statements_covered": 0.0, "percent_statements_covered_display": "0"}, "missing_lines": [192, 193, 201, 202, 203, 204, 210, 211], "excluded_lines": [], "start_line": 190}, "_make_3dmol_html": {"executed_lines": [], "summary": {"covered_lines": 0, "num_statements": 2, "percent_covered": 0.0, "percent_covered_display": "0", "missing_lines": 2, "excluded_lines": 0, "percent_statements_covered": 0.0, "percent_statements_covered_display": "0"}, "missing_lines": [219, 222], "excluded_lines": [], "start_line": 216}, "_make_3dmol_html._esc": {"executed_lines": [], "summary": {"covered_lines": 0, "num_statements": 1, "percent_covered": 0.0, "percent_covered_display": "0", "missing_lines": 1, "excluded_lines": 0, "percent_statements_covered": 0.0, "percent_statements_covered_display": "0"}, "missing_lines": [220], "excluded_lines": [], "start_line": 219}, "_build_df": {"executed_lines": [], "summary": {"covered_lines": 0, "num_statements": 7, "percent_covered": 0.0, "percent_covered_display": "0", "missing_lines": 7, "excluded_lines": 0, "percent_statements_covered": 0.0, "percent_statements_covered_display": "0"}, "missing_lines": [258, 259, 260, 269, 270, 271, 272], "excluded_lines": [], "start_line": 257}, "_validate_peptide": {"executed_lines": [], "summary": {"covered_lines": 0, "num_statements": 9, "percent_covered": 0.0, "percent_covered_display": "0", "missing_lines": 9, "excluded_lines": 0, "percent_statements_covered": 0.0, "percent_statements_covered_display": "0"}, "missing_lines": [279, 280, 281, 282, 283, 284, 285, 286, 287], "excluded_lines": [], "start_line": 277}, "_init_state": {"executed_lines": [], "summary": {"covered_lines": 0, "num_statements": 4, "percent_covered": 0.0, "percent_covered_display": "0", "missing_lines": 4, "excluded_lines": 0, "percent_statements_covered": 0.0, "percent_statements_covered_display": "0"}, "missing_lines": [293, 299, 300, 301], "excluded_lines": [], "start_line": 292}, "_render_sidebar": {"executed_lines": [], "summary": {"covered_lines": 0, "num_statements": 52, "percent_covered": 0.0, "percent_covered_display": "0", "missing_lines": 52, "excluded_lines": 0, "percent_statements_covered": 0.0, "percent_statements_covered_display": "0"}, "missing_lines": [308, 309, 310, 311, 314, 321, 322, 325, 326, 332, 333, 334, 336, 339, 340, 344, 347, 348, 349, 350, 358, 359, 360, 361, 362, 363, 366, 367, 368, 369, 374, 377, 378, 380, 382, 388, 391, 396, 403, 404, 405, 406, 407, 408, 409, 411, 412, 413, 414, 415, 417, 430], "excluded_lines": [], "start_line": 306}, "_render_pipeline_tab": {"executed_lines": [], "summary": {"covered_lines": 0, "num_statements": 24, "percent_covered": 0.0, "percent_covered_display": "0", "missing_lines": 24, "excluded_lines": 0, "percent_statements_covered": 0.0, "percent_statements_covered_display": "0"}, "missing_lines": [437, 438, 440, 443, 444, 446, 447, 448, 449, 450, 451, 452, 453, 454, 456, 457, 458, 459, 460, 461, 462, 463, 464, 465], "excluded_lines": [], "start_line": 435}, "_render_results_tab": {"executed_lines": [], "summary": {"covered_lines": 0, "num_statements": 47, "percent_covered": 0.0, "percent_covered_display": "0", "missing_lines": 47, "excluded_lines": 0, "percent_statements_covered": 0.0, "percent_statements_covered_display": "0"}, "missing_lines": [470, 471, 472, 475, 476, 477, 478, 479, 480, 481, 482, 483, 485, 486, 487, 489, 490, 493, 494, 495, 496, 498, 499, 500, 501, 502, 504, 507, 508, 519, 520, 521, 523, 526, 527, 528, 529, 530, 531, 532, 533, 534, 535, 537, 539, 540, 541], "excluded_lines": [], "start_line": 468}, "_render_downloads": {"executed_lines": [], "summary": {"covered_lines": 0, "num_statements": 11, "percent_covered": 0.0, "percent_covered_display": "0", "missing_lines": 11, "excluded_lines": 0, "percent_statements_covered": 0.0, "percent_statements_covered_display": "0"}, "missing_lines": [545, 546, 547, 548, 549, 550, 551, 553, 554, 556, 557], "excluded_lines": [], "start_line": 544}, "_render_3d_tab": {"executed_lines": [], "summary": {"covered_lines": 0, "num_statements": 13, "percent_covered": 0.0, "percent_covered_display": "0", "missing_lines": 13, "excluded_lines": 0, "percent_statements_covered": 0.0, "percent_statements_covered_display": "0"}, "missing_lines": [563, 565, 566, 567, 568, 569, 570, 571, 573, 574, 576, 579, 580], "excluded_lines": [], "start_line": 561}, "_render_logs_tab": {"executed_lines": [], "summary": {"covered_lines": 0, "num_statements": 13, "percent_covered": 0.0, "percent_covered_display": "0", "missing_lines": 13, "excluded_lines": 0, "percent_statements_covered": 0.0, "percent_statements_covered_display": "0"}, "missing_lines": [585, 586, 589, 590, 591, 592, 594, 595, 596, 598, 599, 601, 602], "excluded_lines": [], "start_line": 583}, "app": {"executed_lines": [], "summary": {"covered_lines": 0, "num_statements": 57, "percent_covered": 0.0, "percent_covered_display": "0", "missing_lines": 57, "excluded_lines": 0, "percent_statements_covered": 0.0, "percent_statements_covered_display": "0"}, "missing_lines": [608, 611, 612, 613, 616, 618, 620, 621, 624, 625, 626, 627, 628, 629, 630, 632, 633, 634, 637, 638, 640, 656, 657, 658, 661, 662, 664, 665, 671, 675, 676, 677, 680, 681, 684, 685, 691, 692, 695, 696, 697, 698, 699, 702, 706, 707, 709, 710, 712, 713, 715, 716, 719, 720, 721, 722, 724], "excluded_lines": [], "start_line": 607}, "": {"executed_lines": [], "summary": {"covered_lines": 0, "num_statements": 41, "percent_covered": 0.0, "percent_covered_display": "0", "missing_lines": 41, "excluded_lines": 0, "percent_statements_covered": 0.0, "percent_statements_covered_display": "0"}, "missing_lines": [6, 8, 9, 10, 11, 12, 13, 14, 16, 17, 20, 29, 30, 32, 35, 52, 59, 71, 75, 81, 90, 96, 110, 113, 121, 133, 190, 216, 257, 277, 292, 306, 435, 468, 544, 561, 583, 607, 727, 728, 731], "excluded_lines": [], "start_line": 1}}, "classes": {"RunContext": {"executed_lines": [], "summary": {"covered_lines": 0, "num_statements": 27, "percent_covered": 0.0, "percent_covered_display": "0", "missing_lines": 27, "excluded_lines": 0, "percent_statements_covered": 0.0, "percent_statements_covered_display": "0"}, "missing_lines": [60, 61, 62, 63, 64, 65, 67, 68, 69, 72, 73, 76, 77, 78, 79, 82, 83, 84, 85, 86, 87, 88, 91, 92, 93, 97, 98], "excluded_lines": [], "start_line": 52}, "_UILogHandler": {"executed_lines": [], "summary": {"covered_lines": 0, "num_statements": 10, "percent_covered": 0.0, "percent_covered_display": "0", "missing_lines": 10, "excluded_lines": 0, "percent_statements_covered": 0.0, "percent_statements_covered_display": "0"}, "missing_lines": [114, 115, 116, 122, 123, 124, 125, 126, 127, 128], "excluded_lines": [], "start_line": 110}, "": {"executed_lines": [], "summary": {"covered_lines": 0, "num_statements": 311, "percent_covered": 0.0, "percent_covered_display": "0", "missing_lines": 311, "excluded_lines": 0, "percent_statements_covered": 0.0, "percent_statements_covered_display": "0"}, "missing_lines": [6, 8, 9, 10, 11, 12, 13, 14, 16, 17, 20, 29, 30, 32, 35, 52, 59, 71, 75, 81, 90, 96, 110, 113, 121, 133, 146, 151, 152, 153, 154, 156, 157, 158, 160, 170, 171, 173, 174, 175, 176, 178, 179, 181, 182, 183, 184, 185, 190, 192, 193, 201, 202, 203, 204, 210, 211, 216, 219, 220, 222, 257, 258, 259, 260, 269, 270, 271, 272, 277, 279, 280, 281, 282, 283, 284, 285, 286, 287, 292, 293, 299, 300, 301, 306, 308, 309, 310, 311, 314, 321, 322, 325, 326, 332, 333, 334, 336, 339, 340, 344, 347, 348, 349, 350, 358, 359, 360, 361, 362, 363, 366, 367, 368, 369, 374, 377, 378, 380, 382, 388, 391, 396, 403, 404, 405, 406, 407, 408, 409, 411, 412, 413, 414, 415, 417, 430, 435, 437, 438, 440, 443, 444, 446, 447, 448, 449, 450, 451, 452, 453, 454, 456, 457, 458, 459, 460, 461, 462, 463, 464, 465, 468, 470, 471, 472, 475, 476, 477, 478, 479, 480, 481, 482, 483, 485, 486, 487, 489, 490, 493, 494, 495, 496, 498, 499, 500, 501, 502, 504, 507, 508, 519, 520, 521, 523, 526, 527, 528, 529, 530, 531, 532, 533, 534, 535, 537, 539, 540, 541, 544, 545, 546, 547, 548, 549, 550, 551, 553, 554, 556, 557, 561, 563, 565, 566, 567, 568, 569, 570, 571, 573, 574, 576, 579, 580, 583, 585, 586, 589, 590, 591, 592, 594, 595, 596, 598, 599, 601, 602, 607, 608, 611, 612, 613, 616, 618, 620, 621, 624, 625, 626, 627, 628, 629, 630, 632, 633, 634, 637, 638, 640, 656, 657, 658, 661, 662, 664, 665, 671, 675, 676, 677, 680, 681, 684, 685, 691, 692, 695, 696, 697, 698, 699, 702, 706, 707, 709, 710, 712, 713, 715, 716, 719, 720, 721, 722, 724, 727, 728, 731], "excluded_lines": [], "start_line": 1}}}}, "totals": {"covered_lines": 1228, "num_statements": 1907, "percent_covered": 64.39433665443104, "percent_covered_display": "64", "missing_lines": 679, "excluded_lines": 0, "percent_statements_covered": 64.39433665443104, "percent_statements_covered_display": "64"}}